[2024-03-24T04:22:29.539+0000] {taskinstance.py:1979} INFO - Dependencies all met for dep_context=non-requeueable deps ti=<TaskInstance: source_to_gcs.get_result_state_abb_table scheduled__2024-03-23T00:00:00+00:00 [queued]>
[2024-03-24T04:22:29.561+0000] {taskinstance.py:1979} INFO - Dependencies all met for dep_context=requeueable deps ti=<TaskInstance: source_to_gcs.get_result_state_abb_table scheduled__2024-03-23T00:00:00+00:00 [queued]>
[2024-03-24T04:22:29.562+0000] {taskinstance.py:2193} INFO - Starting attempt 1 of 1
[2024-03-24T04:22:29.594+0000] {taskinstance.py:2217} INFO - Executing <Task(PythonOperator): get_result_state_abb_table> on 2024-03-23 00:00:00+00:00
[2024-03-24T04:22:29.605+0000] {standard_task_runner.py:60} INFO - Started process 83 to run task
[2024-03-24T04:22:29.613+0000] {standard_task_runner.py:87} INFO - Running: ['***', 'tasks', 'run', 'source_to_gcs', 'get_result_state_abb_table', 'scheduled__2024-03-23T00:00:00+00:00', '--job-id', '337', '--raw', '--subdir', 'DAGS_FOLDER/sourcetobucket.py', '--cfg-path', '/tmp/tmpfwfg4fug']
[2024-03-24T04:22:29.618+0000] {standard_task_runner.py:88} INFO - Job 337: Subtask get_result_state_abb_table
[2024-03-24T04:22:29.708+0000] {task_command.py:423} INFO - Running <TaskInstance: source_to_gcs.get_result_state_abb_table scheduled__2024-03-23T00:00:00+00:00 [running]> on host 86bc6ed33ecd
[2024-03-24T04:22:29.846+0000] {taskinstance.py:2513} INFO - Exporting env vars: AIRFLOW_CTX_DAG_OWNER='***' AIRFLOW_CTX_DAG_ID='source_to_gcs' AIRFLOW_CTX_TASK_ID='get_result_state_abb_table' AIRFLOW_CTX_EXECUTION_DATE='2024-03-23T00:00:00+00:00' AIRFLOW_CTX_TRY_NUMBER='1' AIRFLOW_CTX_DAG_RUN_ID='scheduled__2024-03-23T00:00:00+00:00'
[2024-03-24T04:22:29.852+0000] {sql.py:785} INFO - Executing SQL check: SELECT COUNT(*) FROM used_car_analysis_dataset.state_abbrevation LIMIT 1
[2024-03-24T04:22:29.867+0000] {connection.py:269} WARNING - Connection schemes (type: google_cloud_platform) shall not contain '_' according to RFC3986.
[2024-03-24T04:22:29.870+0000] {base.py:83} INFO - Using connection ID 'gcp_***_conn' for task execution.
[2024-03-24T04:22:29.940+0000] {sql.py:457} INFO - Running statement: SELECT COUNT(*) FROM used_car_analysis_dataset.state_abbrevation LIMIT 1, parameters: None
[2024-03-24T04:22:29.942+0000] {bigquery.py:1613} INFO - Inserting job ***_1711254149941887_a30d9daa9e31333b4067c4522da6a377
[2024-03-24T04:22:31.093+0000] {warnings.py:109} WARNING - /home/***/.local/lib/python3.8/site-packages/***/providers/common/sql/hooks/sql.py:407: AirflowProviderDeprecationWarning: Call to deprecated method _make_common_data_structure. (The `_make_serializable` method is deprecated and support will be removed in a future version of the common.sql provider. Please update the DbApiHook's provider to a version based on common.sql >= 1.9.1.)
  result = self._make_common_data_structure(handler(cur))

[2024-03-24T04:22:31.094+0000] {sql.py:788} INFO - Record: [58]
[2024-03-24T04:22:31.095+0000] {sql.py:796} INFO - Success.
[2024-03-24T04:22:31.096+0000] {python.py:202} INFO - Done. Returned value was: STATE_ABB_TABLE_is_found
[2024-03-24T04:22:31.168+0000] {taskinstance.py:1149} INFO - Marking task as SUCCESS. dag_id=source_to_gcs, task_id=get_result_state_abb_table, execution_date=20240323T000000, start_date=20240324T042229, end_date=20240324T042231
[2024-03-24T04:22:31.244+0000] {local_task_job_runner.py:234} INFO - Task exited with return code 0
[2024-03-24T04:22:31.294+0000] {taskinstance.py:3312} INFO - 1 downstream tasks scheduled from follow-on schedule check
