[2024-03-23T09:43:03.043+0000] {taskinstance.py:1979} INFO - Dependencies all met for dep_context=non-requeueable deps ti=<TaskInstance: source_to_gcs.get_result_car_price_table manual__2024-03-23T09:35:29.981958+00:00 [queued]>
[2024-03-23T09:43:03.065+0000] {taskinstance.py:1979} INFO - Dependencies all met for dep_context=requeueable deps ti=<TaskInstance: source_to_gcs.get_result_car_price_table manual__2024-03-23T09:35:29.981958+00:00 [queued]>
[2024-03-23T09:43:03.066+0000] {taskinstance.py:2193} INFO - Starting attempt 2 of 2
[2024-03-23T09:43:03.099+0000] {taskinstance.py:2217} INFO - Executing <Task(PythonOperator): get_result_car_price_table> on 2024-03-23 09:35:29.981958+00:00
[2024-03-23T09:43:03.112+0000] {standard_task_runner.py:60} INFO - Started process 3738 to run task
[2024-03-23T09:43:03.127+0000] {standard_task_runner.py:87} INFO - Running: ['***', 'tasks', 'run', 'source_to_gcs', 'get_result_car_price_table', 'manual__2024-03-23T09:35:29.981958+00:00', '--job-id', '291', '--raw', '--subdir', 'DAGS_FOLDER/sourcetobucket.py', '--cfg-path', '/tmp/tmp7pcuypds']
[2024-03-23T09:43:03.133+0000] {standard_task_runner.py:88} INFO - Job 291: Subtask get_result_car_price_table
[2024-03-23T09:43:03.239+0000] {task_command.py:423} INFO - Running <TaskInstance: source_to_gcs.get_result_car_price_table manual__2024-03-23T09:35:29.981958+00:00 [running]> on host ceb99a37e23c
[2024-03-23T09:43:03.425+0000] {taskinstance.py:2513} INFO - Exporting env vars: AIRFLOW_CTX_DAG_OWNER='***' AIRFLOW_CTX_DAG_ID='source_to_gcs' AIRFLOW_CTX_TASK_ID='get_result_car_price_table' AIRFLOW_CTX_EXECUTION_DATE='2024-03-23T09:35:29.981958+00:00' AIRFLOW_CTX_TRY_NUMBER='2' AIRFLOW_CTX_DAG_RUN_ID='manual__2024-03-23T09:35:29.981958+00:00'
[2024-03-23T09:43:03.430+0000] {sql.py:785} INFO - Executing SQL check: SELECT COUNT(*) from used_car_analysis_dataset.used_car_price LIMIT 1
[2024-03-23T09:43:03.448+0000] {connection.py:269} WARNING - Connection schemes (type: google_cloud_platform) shall not contain '_' according to RFC3986.
[2024-03-23T09:43:03.450+0000] {base.py:83} INFO - Using connection ID 'gcp_***_conn' for task execution.
[2024-03-23T09:43:03.576+0000] {sql.py:457} INFO - Running statement: SELECT COUNT(*) from used_car_analysis_dataset.used_car_price LIMIT 1, parameters: None
[2024-03-23T09:43:03.581+0000] {bigquery.py:1613} INFO - Inserting job ***_1711186983578535_692f6613f62229254217b4d9e55504a9
[2024-03-23T09:43:04.933+0000] {warnings.py:109} WARNING - /home/***/.local/lib/python3.8/site-packages/***/providers/common/sql/hooks/sql.py:407: AirflowProviderDeprecationWarning: Call to deprecated method _make_common_data_structure. (The `_make_serializable` method is deprecated and support will be removed in a future version of the common.sql provider. Please update the DbApiHook's provider to a version based on common.sql >= 1.9.1.)
  result = self._make_common_data_structure(handler(cur))

[2024-03-23T09:43:04.935+0000] {sql.py:788} INFO - Record: [558799]
[2024-03-23T09:43:04.936+0000] {sql.py:796} INFO - Success.
[2024-03-23T09:43:04.937+0000] {python.py:202} INFO - Done. Returned value was: CAR_PRICE_TABLE_not_found
[2024-03-23T09:43:05.005+0000] {taskinstance.py:1149} INFO - Marking task as SUCCESS. dag_id=source_to_gcs, task_id=get_result_car_price_table, execution_date=20240323T093529, start_date=20240323T094303, end_date=20240323T094305
[2024-03-23T09:43:05.085+0000] {local_task_job_runner.py:234} INFO - Task exited with return code 0
[2024-03-23T09:43:05.164+0000] {taskinstance.py:3312} INFO - 1 downstream tasks scheduled from follow-on schedule check
