[2024-03-23T07:50:56.574+0000] {taskinstance.py:1979} INFO - Dependencies all met for dep_context=non-requeueable deps ti=<TaskInstance: source_to_gcs.get_result_car_price_table manual__2024-03-23T07:50:28.318323+00:00 [queued]>
[2024-03-23T07:50:56.591+0000] {taskinstance.py:1979} INFO - Dependencies all met for dep_context=requeueable deps ti=<TaskInstance: source_to_gcs.get_result_car_price_table manual__2024-03-23T07:50:28.318323+00:00 [queued]>
[2024-03-23T07:50:56.592+0000] {taskinstance.py:2193} INFO - Starting attempt 1 of 1
[2024-03-23T07:50:56.612+0000] {taskinstance.py:2217} INFO - Executing <Task(PythonOperator): get_result_car_price_table> on 2024-03-23 07:50:28.318323+00:00
[2024-03-23T07:50:56.623+0000] {standard_task_runner.py:60} INFO - Started process 2101 to run task
[2024-03-23T07:50:56.632+0000] {standard_task_runner.py:87} INFO - Running: ['***', 'tasks', 'run', 'source_to_gcs', 'get_result_car_price_table', 'manual__2024-03-23T07:50:28.318323+00:00', '--job-id', '262', '--raw', '--subdir', 'DAGS_FOLDER/sourcetobucket.py', '--cfg-path', '/tmp/tmpc4mvvd45']
[2024-03-23T07:50:56.637+0000] {standard_task_runner.py:88} INFO - Job 262: Subtask get_result_car_price_table
[2024-03-23T07:50:56.714+0000] {task_command.py:423} INFO - Running <TaskInstance: source_to_gcs.get_result_car_price_table manual__2024-03-23T07:50:28.318323+00:00 [running]> on host ceb99a37e23c
[2024-03-23T07:50:56.844+0000] {taskinstance.py:2513} INFO - Exporting env vars: AIRFLOW_CTX_DAG_OWNER='***' AIRFLOW_CTX_DAG_ID='source_to_gcs' AIRFLOW_CTX_TASK_ID='get_result_car_price_table' AIRFLOW_CTX_EXECUTION_DATE='2024-03-23T07:50:28.318323+00:00' AIRFLOW_CTX_TRY_NUMBER='1' AIRFLOW_CTX_DAG_RUN_ID='manual__2024-03-23T07:50:28.318323+00:00'
[2024-03-23T07:50:56.849+0000] {sql.py:785} INFO - Executing SQL check: SELECT COUNT(1) from used_car_analysis_dataset.used_car_price LIMIT 1
[2024-03-23T07:50:56.863+0000] {connection.py:269} WARNING - Connection schemes (type: google_cloud_platform) shall not contain '_' according to RFC3986.
[2024-03-23T07:50:56.866+0000] {base.py:83} INFO - Using connection ID 'gcp_***_conn' for task execution.
[2024-03-23T07:50:56.934+0000] {sql.py:457} INFO - Running statement: SELECT COUNT(1) from used_car_analysis_dataset.used_car_price LIMIT 1, parameters: None
[2024-03-23T07:50:56.938+0000] {bigquery.py:1613} INFO - Inserting job ***_1711180256936685_fabb2f9006d5ccbe668044ee8692b8ed
[2024-03-23T07:50:58.121+0000] {warnings.py:109} WARNING - /home/***/.local/lib/python3.8/site-packages/***/providers/common/sql/hooks/sql.py:407: AirflowProviderDeprecationWarning: Call to deprecated method _make_common_data_structure. (The `_make_serializable` method is deprecated and support will be removed in a future version of the common.sql provider. Please update the DbApiHook's provider to a version based on common.sql >= 1.9.1.)
  result = self._make_common_data_structure(handler(cur))

[2024-03-23T07:50:58.122+0000] {sql.py:788} INFO - Record: [558799]
[2024-03-23T07:50:58.123+0000] {sql.py:796} INFO - Success.
[2024-03-23T07:50:58.124+0000] {python.py:202} INFO - Done. Returned value was: CAR_PRICE_TABLE_not_found
[2024-03-23T07:50:58.160+0000] {taskinstance.py:1149} INFO - Marking task as SUCCESS. dag_id=source_to_gcs, task_id=get_result_car_price_table, execution_date=20240323T075028, start_date=20240323T075056, end_date=20240323T075058
[2024-03-23T07:50:58.216+0000] {local_task_job_runner.py:234} INFO - Task exited with return code 0
[2024-03-23T07:50:58.266+0000] {taskinstance.py:3312} INFO - 1 downstream tasks scheduled from follow-on schedule check
