[2024-03-22T13:45:34.739+0000] {taskinstance.py:1979} INFO - Dependencies all met for dep_context=non-requeueable deps ti=<TaskInstance: source_to_gcs.check_table_is_present manual__2024-03-22T13:41:19.940286+00:00 [queued]>
[2024-03-22T13:45:34.753+0000] {taskinstance.py:1979} INFO - Dependencies all met for dep_context=requeueable deps ti=<TaskInstance: source_to_gcs.check_table_is_present manual__2024-03-22T13:41:19.940286+00:00 [queued]>
[2024-03-22T13:45:34.753+0000] {taskinstance.py:2193} INFO - Starting attempt 3 of 3
[2024-03-22T13:45:34.775+0000] {taskinstance.py:2217} INFO - Executing <Task(BigQueryCheckOperator): check_table_is_present> on 2024-03-22 13:41:19.940286+00:00
[2024-03-22T13:45:34.786+0000] {standard_task_runner.py:60} INFO - Started process 177 to run task
[2024-03-22T13:45:34.794+0000] {standard_task_runner.py:87} INFO - Running: ['***', 'tasks', 'run', 'source_to_gcs', 'check_table_is_present', 'manual__2024-03-22T13:41:19.940286+00:00', '--job-id', '160', '--raw', '--subdir', 'DAGS_FOLDER/sourcetobucket.py', '--cfg-path', '/tmp/tmpbifj_1ui']
[2024-03-22T13:45:34.799+0000] {standard_task_runner.py:88} INFO - Job 160: Subtask check_table_is_present
[2024-03-22T13:45:34.880+0000] {task_command.py:423} INFO - Running <TaskInstance: source_to_gcs.check_table_is_present manual__2024-03-22T13:41:19.940286+00:00 [running]> on host ceb99a37e23c
[2024-03-22T13:45:35.042+0000] {taskinstance.py:2513} INFO - Exporting env vars: AIRFLOW_CTX_DAG_OWNER='***' AIRFLOW_CTX_DAG_ID='source_to_gcs' AIRFLOW_CTX_TASK_ID='check_table_is_present' AIRFLOW_CTX_EXECUTION_DATE='2024-03-22T13:41:19.940286+00:00' AIRFLOW_CTX_TRY_NUMBER='3' AIRFLOW_CTX_DAG_RUN_ID='manual__2024-03-22T13:41:19.940286+00:00'
[2024-03-22T13:45:35.049+0000] {sql.py:785} INFO - Executing SQL check: SELECT COUNT(1) from used_car_analysis_dataset.used_car_price LIMIT 1
[2024-03-22T13:45:35.062+0000] {connection.py:269} WARNING - Connection schemes (type: google_cloud_platform) shall not contain '_' according to RFC3986.
[2024-03-22T13:45:35.065+0000] {base.py:83} INFO - Using connection ID 'gcp_***_conn' for task execution.
[2024-03-22T13:45:35.133+0000] {sql.py:457} INFO - Running statement: SELECT COUNT(1) from used_car_analysis_dataset.used_car_price LIMIT 1, parameters: None
[2024-03-22T13:45:35.135+0000] {bigquery.py:1613} INFO - Inserting job ***_1711115135134750_fabb2f9006d5ccbe668044ee8692b8ed
[2024-03-22T13:45:36.257+0000] {warnings.py:109} WARNING - /home/***/.local/lib/python3.8/site-packages/***/providers/common/sql/hooks/sql.py:407: AirflowProviderDeprecationWarning: Call to deprecated method _make_common_data_structure. (The `_make_serializable` method is deprecated and support will be removed in a future version of the common.sql provider. Please update the DbApiHook's provider to a version based on common.sql >= 1.9.1.)
  result = self._make_common_data_structure(handler(cur))

[2024-03-22T13:45:36.259+0000] {sql.py:788} INFO - Record: [558799]
[2024-03-22T13:45:36.260+0000] {sql.py:796} INFO - Success.
[2024-03-22T13:45:36.275+0000] {taskinstance.py:1149} INFO - Marking task as SUCCESS. dag_id=source_to_gcs, task_id=check_table_is_present, execution_date=20240322T134119, start_date=20240322T134534, end_date=20240322T134536
[2024-03-22T13:45:36.333+0000] {local_task_job_runner.py:234} INFO - Task exited with return code 0
[2024-03-22T13:45:36.363+0000] {taskinstance.py:3312} INFO - 0 downstream tasks scheduled from follow-on schedule check
