[2024-03-22T14:05:42.073+0000] {taskinstance.py:1979} INFO - Dependencies all met for dep_context=non-requeueable deps ti=<TaskInstance: source_to_gcs.check_table_is_present manual__2024-03-22T13:41:19.940286+00:00 [queued]>
[2024-03-22T14:05:42.096+0000] {taskinstance.py:1979} INFO - Dependencies all met for dep_context=requeueable deps ti=<TaskInstance: source_to_gcs.check_table_is_present manual__2024-03-22T13:41:19.940286+00:00 [queued]>
[2024-03-22T14:05:42.097+0000] {taskinstance.py:2193} INFO - Starting attempt 8 of 8
[2024-03-22T14:05:42.136+0000] {taskinstance.py:2217} INFO - Executing <Task(BigQueryCheckOperator): check_table_is_present> on 2024-03-22 13:41:19.940286+00:00
[2024-03-22T14:05:42.158+0000] {standard_task_runner.py:60} INFO - Started process 483 to run task
[2024-03-22T14:05:42.192+0000] {standard_task_runner.py:87} INFO - Running: ['***', 'tasks', 'run', 'source_to_gcs', 'check_table_is_present', 'manual__2024-03-22T13:41:19.940286+00:00', '--job-id', '170', '--raw', '--subdir', 'DAGS_FOLDER/sourcetobucket.py', '--cfg-path', '/tmp/tmp7xyqab07']
[2024-03-22T14:05:42.214+0000] {standard_task_runner.py:88} INFO - Job 170: Subtask check_table_is_present
[2024-03-22T14:05:42.328+0000] {task_command.py:423} INFO - Running <TaskInstance: source_to_gcs.check_table_is_present manual__2024-03-22T13:41:19.940286+00:00 [running]> on host ceb99a37e23c
[2024-03-22T14:05:42.509+0000] {taskinstance.py:2513} INFO - Exporting env vars: AIRFLOW_CTX_DAG_OWNER='***' AIRFLOW_CTX_DAG_ID='source_to_gcs' AIRFLOW_CTX_TASK_ID='check_table_is_present' AIRFLOW_CTX_EXECUTION_DATE='2024-03-22T13:41:19.940286+00:00' AIRFLOW_CTX_TRY_NUMBER='8' AIRFLOW_CTX_DAG_RUN_ID='manual__2024-03-22T13:41:19.940286+00:00'
[2024-03-22T14:05:42.516+0000] {sql.py:785} INFO - Executing SQL check: SELECT COUNT(*) from used_car_analysis_dataset.used_car_price LIMIT 1
[2024-03-22T14:05:42.538+0000] {connection.py:269} WARNING - Connection schemes (type: google_cloud_platform) shall not contain '_' according to RFC3986.
[2024-03-22T14:05:42.542+0000] {base.py:83} INFO - Using connection ID 'gcp_***_conn' for task execution.
[2024-03-22T14:05:42.658+0000] {sql.py:457} INFO - Running statement: SELECT COUNT(*) from used_car_analysis_dataset.used_car_price LIMIT 1, parameters: None
[2024-03-22T14:05:42.661+0000] {bigquery.py:1613} INFO - Inserting job ***_1711116342659756_692f6613f62229254217b4d9e55504a9
[2024-03-22T14:05:44.856+0000] {warnings.py:109} WARNING - /home/***/.local/lib/python3.8/site-packages/***/providers/common/sql/hooks/sql.py:407: AirflowProviderDeprecationWarning: Call to deprecated method _make_common_data_structure. (The `_make_serializable` method is deprecated and support will be removed in a future version of the common.sql provider. Please update the DbApiHook's provider to a version based on common.sql >= 1.9.1.)
  result = self._make_common_data_structure(handler(cur))

[2024-03-22T14:05:44.857+0000] {sql.py:788} INFO - Record: [558799]
[2024-03-22T14:05:44.857+0000] {sql.py:796} INFO - Success.
[2024-03-22T14:05:44.887+0000] {taskinstance.py:1149} INFO - Marking task as SUCCESS. dag_id=source_to_gcs, task_id=check_table_is_present, execution_date=20240322T134119, start_date=20240322T140542, end_date=20240322T140544
[2024-03-22T14:05:44.978+0000] {local_task_job_runner.py:234} INFO - Task exited with return code 0
[2024-03-22T14:05:45.059+0000] {taskinstance.py:3312} INFO - 1 downstream tasks scheduled from follow-on schedule check
