[2024-03-23T10:46:07.947+0000] {taskinstance.py:1979} INFO - Dependencies all met for dep_context=non-requeueable deps ti=<TaskInstance: source_to_gcs.get_result_state_abb_table manual__2024-03-23T10:30:17.118782+00:00 [queued]>
[2024-03-23T10:46:08.025+0000] {taskinstance.py:1979} INFO - Dependencies all met for dep_context=requeueable deps ti=<TaskInstance: source_to_gcs.get_result_state_abb_table manual__2024-03-23T10:30:17.118782+00:00 [queued]>
[2024-03-23T10:46:08.026+0000] {taskinstance.py:2193} INFO - Starting attempt 3 of 3
[2024-03-23T10:46:08.097+0000] {taskinstance.py:2217} INFO - Executing <Task(PythonOperator): get_result_state_abb_table> on 2024-03-23 10:30:17.118782+00:00
[2024-03-23T10:46:08.138+0000] {standard_task_runner.py:60} INFO - Started process 4736 to run task
[2024-03-23T10:46:08.185+0000] {standard_task_runner.py:87} INFO - Running: ['***', 'tasks', 'run', 'source_to_gcs', 'get_result_state_abb_table', 'manual__2024-03-23T10:30:17.118782+00:00', '--job-id', '327', '--raw', '--subdir', 'DAGS_FOLDER/sourcetobucket.py', '--cfg-path', '/tmp/tmpgkduds55']
[2024-03-23T10:46:08.204+0000] {standard_task_runner.py:88} INFO - Job 327: Subtask get_result_state_abb_table
[2024-03-23T10:46:08.439+0000] {task_command.py:423} INFO - Running <TaskInstance: source_to_gcs.get_result_state_abb_table manual__2024-03-23T10:30:17.118782+00:00 [running]> on host ceb99a37e23c
[2024-03-23T10:46:08.773+0000] {taskinstance.py:2513} INFO - Exporting env vars: AIRFLOW_CTX_DAG_OWNER='***' AIRFLOW_CTX_DAG_ID='source_to_gcs' AIRFLOW_CTX_TASK_ID='get_result_state_abb_table' AIRFLOW_CTX_EXECUTION_DATE='2024-03-23T10:30:17.118782+00:00' AIRFLOW_CTX_TRY_NUMBER='3' AIRFLOW_CTX_DAG_RUN_ID='manual__2024-03-23T10:30:17.118782+00:00'
[2024-03-23T10:46:08.790+0000] {sql.py:785} INFO - Executing SQL check: SELECT COUNT(*) FROM used_car_analysis_dataset.state_abbrevation LIMIT 1
[2024-03-23T10:46:08.830+0000] {connection.py:269} WARNING - Connection schemes (type: google_cloud_platform) shall not contain '_' according to RFC3986.
[2024-03-23T10:46:08.833+0000] {base.py:83} INFO - Using connection ID 'gcp_***_conn' for task execution.
[2024-03-23T10:46:09.118+0000] {sql.py:457} INFO - Running statement: SELECT COUNT(*) FROM used_car_analysis_dataset.state_abbrevation LIMIT 1, parameters: None
[2024-03-23T10:46:09.122+0000] {bigquery.py:1613} INFO - Inserting job ***_1711190769120683_a30d9daa9e31333b4067c4522da6a377
[2024-03-23T10:46:10.413+0000] {warnings.py:109} WARNING - /home/***/.local/lib/python3.8/site-packages/***/providers/common/sql/hooks/sql.py:407: AirflowProviderDeprecationWarning: Call to deprecated method _make_common_data_structure. (The `_make_serializable` method is deprecated and support will be removed in a future version of the common.sql provider. Please update the DbApiHook's provider to a version based on common.sql >= 1.9.1.)
  result = self._make_common_data_structure(handler(cur))

[2024-03-23T10:46:10.416+0000] {sql.py:788} INFO - Record: [58]
[2024-03-23T10:46:10.417+0000] {sql.py:796} INFO - Success.
[2024-03-23T10:46:10.418+0000] {python.py:202} INFO - Done. Returned value was: STATE_ABB_TABLE_is_found
[2024-03-23T10:46:10.473+0000] {taskinstance.py:1149} INFO - Marking task as SUCCESS. dag_id=source_to_gcs, task_id=get_result_state_abb_table, execution_date=20240323T103017, start_date=20240323T104607, end_date=20240323T104610
[2024-03-23T10:46:10.553+0000] {local_task_job_runner.py:234} INFO - Task exited with return code 0
[2024-03-23T10:46:10.629+0000] {taskinstance.py:3312} INFO - 1 downstream tasks scheduled from follow-on schedule check
