[2024-03-18T01:56:45.542+0000] {taskinstance.py:1979} INFO - Dependencies all met for dep_context=non-requeueable deps ti=<TaskInstance: source_to_gcs.check_file manual__2024-03-18T01:56:38.443899+00:00 [queued]>
[2024-03-18T01:56:45.585+0000] {taskinstance.py:1979} INFO - Dependencies all met for dep_context=requeueable deps ti=<TaskInstance: source_to_gcs.check_file manual__2024-03-18T01:56:38.443899+00:00 [queued]>
[2024-03-18T01:56:45.589+0000] {taskinstance.py:2193} INFO - Starting attempt 1 of 1
[2024-03-18T01:56:45.639+0000] {taskinstance.py:2217} INFO - Executing <Task(GCSObjectExistenceSensor): check_file> on 2024-03-18 01:56:38.443899+00:00
[2024-03-18T01:56:45.665+0000] {standard_task_runner.py:60} INFO - Started process 13040 to run task
[2024-03-18T01:56:45.690+0000] {standard_task_runner.py:87} INFO - Running: ['***', 'tasks', 'run', 'source_to_gcs', 'check_file', 'manual__2024-03-18T01:56:38.443899+00:00', '--job-id', '65', '--raw', '--subdir', 'DAGS_FOLDER/sourcetobucket.py', '--cfg-path', '/tmp/tmpp41q46r0']
[2024-03-18T01:56:45.702+0000] {standard_task_runner.py:88} INFO - Job 65: Subtask check_file
[2024-03-18T01:56:45.850+0000] {task_command.py:423} INFO - Running <TaskInstance: source_to_gcs.check_file manual__2024-03-18T01:56:38.443899+00:00 [running]> on host 484fbc655ee6
[2024-03-18T01:56:46.058+0000] {taskinstance.py:2513} INFO - Exporting env vars: AIRFLOW_CTX_DAG_OWNER='***' AIRFLOW_CTX_DAG_ID='source_to_gcs' AIRFLOW_CTX_TASK_ID='check_file' AIRFLOW_CTX_EXECUTION_DATE='2024-03-18T01:56:38.443899+00:00' AIRFLOW_CTX_TRY_NUMBER='1' AIRFLOW_CTX_DAG_RUN_ID='manual__2024-03-18T01:56:38.443899+00:00'
[2024-03-18T01:56:46.067+0000] {gcs.py:98} INFO - Sensor checks existence of : used-car-price-analysis, data/raw/car_salsses.csv
[2024-03-18T01:56:46.094+0000] {connection.py:269} WARNING - Connection schemes (type: google_cloud_platform) shall not contain '_' according to RFC3986.
[2024-03-18T01:56:46.097+0000] {base.py:83} INFO - Using connection ID 'gcp_***_conn' for task execution.
[2024-03-18T01:56:51.529+0000] {gcs.py:98} INFO - Sensor checks existence of : used-car-price-analysis, data/raw/car_salsses.csv
[2024-03-18T01:56:51.543+0000] {connection.py:269} WARNING - Connection schemes (type: google_cloud_platform) shall not contain '_' according to RFC3986.
[2024-03-18T01:56:51.544+0000] {base.py:83} INFO - Using connection ID 'gcp_***_conn' for task execution.
[2024-03-18T01:56:56.761+0000] {gcs.py:98} INFO - Sensor checks existence of : used-car-price-analysis, data/raw/car_salsses.csv
[2024-03-18T01:56:56.785+0000] {connection.py:269} WARNING - Connection schemes (type: google_cloud_platform) shall not contain '_' according to RFC3986.
[2024-03-18T01:56:56.786+0000] {base.py:83} INFO - Using connection ID 'gcp_***_conn' for task execution.
[2024-03-18T01:57:02.175+0000] {gcs.py:98} INFO - Sensor checks existence of : used-car-price-analysis, data/raw/car_salsses.csv
[2024-03-18T01:57:02.187+0000] {connection.py:269} WARNING - Connection schemes (type: google_cloud_platform) shall not contain '_' according to RFC3986.
[2024-03-18T01:57:02.190+0000] {base.py:83} INFO - Using connection ID 'gcp_***_conn' for task execution.
[2024-03-18T01:57:07.398+0000] {gcs.py:98} INFO - Sensor checks existence of : used-car-price-analysis, data/raw/car_salsses.csv
[2024-03-18T01:57:07.417+0000] {connection.py:269} WARNING - Connection schemes (type: google_cloud_platform) shall not contain '_' according to RFC3986.
[2024-03-18T01:57:07.419+0000] {base.py:83} INFO - Using connection ID 'gcp_***_conn' for task execution.
[2024-03-18T01:57:12.654+0000] {gcs.py:98} INFO - Sensor checks existence of : used-car-price-analysis, data/raw/car_salsses.csv
[2024-03-18T01:57:12.667+0000] {connection.py:269} WARNING - Connection schemes (type: google_cloud_platform) shall not contain '_' according to RFC3986.
[2024-03-18T01:57:12.669+0000] {base.py:83} INFO - Using connection ID 'gcp_***_conn' for task execution.
[2024-03-18T01:57:17.888+0000] {gcs.py:98} INFO - Sensor checks existence of : used-car-price-analysis, data/raw/car_salsses.csv
[2024-03-18T01:57:17.900+0000] {connection.py:269} WARNING - Connection schemes (type: google_cloud_platform) shall not contain '_' according to RFC3986.
[2024-03-18T01:57:17.902+0000] {base.py:83} INFO - Using connection ID 'gcp_***_conn' for task execution.
[2024-03-18T01:57:23.146+0000] {gcs.py:98} INFO - Sensor checks existence of : used-car-price-analysis, data/raw/car_salsses.csv
[2024-03-18T01:57:23.189+0000] {connection.py:269} WARNING - Connection schemes (type: google_cloud_platform) shall not contain '_' according to RFC3986.
[2024-03-18T01:57:23.190+0000] {base.py:83} INFO - Using connection ID 'gcp_***_conn' for task execution.
[2024-03-18T01:57:29.866+0000] {gcs.py:98} INFO - Sensor checks existence of : used-car-price-analysis, data/raw/car_salsses.csv
[2024-03-18T01:57:29.880+0000] {connection.py:269} WARNING - Connection schemes (type: google_cloud_platform) shall not contain '_' according to RFC3986.
[2024-03-18T01:57:29.883+0000] {base.py:83} INFO - Using connection ID 'gcp_***_conn' for task execution.
[2024-03-18T01:57:35.150+0000] {gcs.py:98} INFO - Sensor checks existence of : used-car-price-analysis, data/raw/car_salsses.csv
[2024-03-18T01:57:35.165+0000] {connection.py:269} WARNING - Connection schemes (type: google_cloud_platform) shall not contain '_' according to RFC3986.
[2024-03-18T01:57:35.172+0000] {base.py:83} INFO - Using connection ID 'gcp_***_conn' for task execution.
[2024-03-18T01:57:40.577+0000] {gcs.py:98} INFO - Sensor checks existence of : used-car-price-analysis, data/raw/car_salsses.csv
[2024-03-18T01:57:40.588+0000] {connection.py:269} WARNING - Connection schemes (type: google_cloud_platform) shall not contain '_' according to RFC3986.
[2024-03-18T01:57:40.590+0000] {base.py:83} INFO - Using connection ID 'gcp_***_conn' for task execution.
[2024-03-18T01:57:45.850+0000] {gcs.py:98} INFO - Sensor checks existence of : used-car-price-analysis, data/raw/car_salsses.csv
[2024-03-18T01:57:45.874+0000] {connection.py:269} WARNING - Connection schemes (type: google_cloud_platform) shall not contain '_' according to RFC3986.
[2024-03-18T01:57:45.876+0000] {base.py:83} INFO - Using connection ID 'gcp_***_conn' for task execution.
[2024-03-18T01:57:51.078+0000] {gcs.py:98} INFO - Sensor checks existence of : used-car-price-analysis, data/raw/car_salsses.csv
[2024-03-18T01:57:51.108+0000] {connection.py:269} WARNING - Connection schemes (type: google_cloud_platform) shall not contain '_' according to RFC3986.
[2024-03-18T01:57:51.110+0000] {base.py:83} INFO - Using connection ID 'gcp_***_conn' for task execution.
[2024-03-18T01:57:56.366+0000] {gcs.py:98} INFO - Sensor checks existence of : used-car-price-analysis, data/raw/car_salsses.csv
[2024-03-18T01:57:56.379+0000] {connection.py:269} WARNING - Connection schemes (type: google_cloud_platform) shall not contain '_' according to RFC3986.
[2024-03-18T01:57:56.381+0000] {base.py:83} INFO - Using connection ID 'gcp_***_conn' for task execution.
[2024-03-18T01:58:01.686+0000] {gcs.py:98} INFO - Sensor checks existence of : used-car-price-analysis, data/raw/car_salsses.csv
[2024-03-18T01:58:01.701+0000] {connection.py:269} WARNING - Connection schemes (type: google_cloud_platform) shall not contain '_' according to RFC3986.
[2024-03-18T01:58:01.702+0000] {base.py:83} INFO - Using connection ID 'gcp_***_conn' for task execution.
[2024-03-18T01:58:06.922+0000] {gcs.py:98} INFO - Sensor checks existence of : used-car-price-analysis, data/raw/car_salsses.csv
[2024-03-18T01:58:06.938+0000] {connection.py:269} WARNING - Connection schemes (type: google_cloud_platform) shall not contain '_' according to RFC3986.
[2024-03-18T01:58:06.940+0000] {base.py:83} INFO - Using connection ID 'gcp_***_conn' for task execution.
[2024-03-18T01:58:12.285+0000] {gcs.py:98} INFO - Sensor checks existence of : used-car-price-analysis, data/raw/car_salsses.csv
[2024-03-18T01:58:12.306+0000] {connection.py:269} WARNING - Connection schemes (type: google_cloud_platform) shall not contain '_' according to RFC3986.
[2024-03-18T01:58:12.309+0000] {base.py:83} INFO - Using connection ID 'gcp_***_conn' for task execution.
[2024-03-18T01:58:17.507+0000] {gcs.py:98} INFO - Sensor checks existence of : used-car-price-analysis, data/raw/car_salsses.csv
[2024-03-18T01:58:17.519+0000] {connection.py:269} WARNING - Connection schemes (type: google_cloud_platform) shall not contain '_' according to RFC3986.
[2024-03-18T01:58:17.521+0000] {base.py:83} INFO - Using connection ID 'gcp_***_conn' for task execution.
[2024-03-18T01:58:22.742+0000] {gcs.py:98} INFO - Sensor checks existence of : used-car-price-analysis, data/raw/car_salsses.csv
[2024-03-18T01:58:22.754+0000] {connection.py:269} WARNING - Connection schemes (type: google_cloud_platform) shall not contain '_' according to RFC3986.
[2024-03-18T01:58:22.756+0000] {base.py:83} INFO - Using connection ID 'gcp_***_conn' for task execution.
[2024-03-18T01:58:27.966+0000] {gcs.py:98} INFO - Sensor checks existence of : used-car-price-analysis, data/raw/car_salsses.csv
[2024-03-18T01:58:27.978+0000] {connection.py:269} WARNING - Connection schemes (type: google_cloud_platform) shall not contain '_' according to RFC3986.
[2024-03-18T01:58:27.981+0000] {base.py:83} INFO - Using connection ID 'gcp_***_conn' for task execution.
[2024-03-18T01:58:33.242+0000] {gcs.py:98} INFO - Sensor checks existence of : used-car-price-analysis, data/raw/car_salsses.csv
[2024-03-18T01:58:33.257+0000] {connection.py:269} WARNING - Connection schemes (type: google_cloud_platform) shall not contain '_' according to RFC3986.
[2024-03-18T01:58:33.264+0000] {base.py:83} INFO - Using connection ID 'gcp_***_conn' for task execution.
[2024-03-18T01:58:38.733+0000] {gcs.py:98} INFO - Sensor checks existence of : used-car-price-analysis, data/raw/car_salsses.csv
[2024-03-18T01:58:38.752+0000] {connection.py:269} WARNING - Connection schemes (type: google_cloud_platform) shall not contain '_' according to RFC3986.
[2024-03-18T01:58:38.756+0000] {base.py:83} INFO - Using connection ID 'gcp_***_conn' for task execution.
[2024-03-18T01:58:43.984+0000] {gcs.py:98} INFO - Sensor checks existence of : used-car-price-analysis, data/raw/car_salsses.csv
[2024-03-18T01:58:44.004+0000] {connection.py:269} WARNING - Connection schemes (type: google_cloud_platform) shall not contain '_' according to RFC3986.
[2024-03-18T01:58:44.006+0000] {base.py:83} INFO - Using connection ID 'gcp_***_conn' for task execution.
[2024-03-18T01:58:49.410+0000] {gcs.py:98} INFO - Sensor checks existence of : used-car-price-analysis, data/raw/car_salsses.csv
[2024-03-18T01:58:49.423+0000] {connection.py:269} WARNING - Connection schemes (type: google_cloud_platform) shall not contain '_' according to RFC3986.
[2024-03-18T01:58:49.425+0000] {base.py:83} INFO - Using connection ID 'gcp_***_conn' for task execution.
[2024-03-18T01:58:54.760+0000] {gcs.py:98} INFO - Sensor checks existence of : used-car-price-analysis, data/raw/car_salsses.csv
[2024-03-18T01:58:54.773+0000] {connection.py:269} WARNING - Connection schemes (type: google_cloud_platform) shall not contain '_' according to RFC3986.
[2024-03-18T01:58:54.776+0000] {base.py:83} INFO - Using connection ID 'gcp_***_conn' for task execution.
[2024-03-18T01:58:59.978+0000] {gcs.py:98} INFO - Sensor checks existence of : used-car-price-analysis, data/raw/car_salsses.csv
[2024-03-18T01:58:59.991+0000] {connection.py:269} WARNING - Connection schemes (type: google_cloud_platform) shall not contain '_' according to RFC3986.
[2024-03-18T01:58:59.992+0000] {base.py:83} INFO - Using connection ID 'gcp_***_conn' for task execution.
[2024-03-18T01:59:05.200+0000] {gcs.py:98} INFO - Sensor checks existence of : used-car-price-analysis, data/raw/car_salsses.csv
[2024-03-18T01:59:05.218+0000] {connection.py:269} WARNING - Connection schemes (type: google_cloud_platform) shall not contain '_' according to RFC3986.
[2024-03-18T01:59:05.223+0000] {base.py:83} INFO - Using connection ID 'gcp_***_conn' for task execution.
[2024-03-18T01:59:10.458+0000] {gcs.py:98} INFO - Sensor checks existence of : used-car-price-analysis, data/raw/car_salsses.csv
[2024-03-18T01:59:10.470+0000] {connection.py:269} WARNING - Connection schemes (type: google_cloud_platform) shall not contain '_' according to RFC3986.
[2024-03-18T01:59:10.471+0000] {base.py:83} INFO - Using connection ID 'gcp_***_conn' for task execution.
[2024-03-18T01:59:15.798+0000] {gcs.py:98} INFO - Sensor checks existence of : used-car-price-analysis, data/raw/car_salsses.csv
[2024-03-18T01:59:15.811+0000] {connection.py:269} WARNING - Connection schemes (type: google_cloud_platform) shall not contain '_' according to RFC3986.
[2024-03-18T01:59:15.813+0000] {base.py:83} INFO - Using connection ID 'gcp_***_conn' for task execution.
[2024-03-18T01:59:21.294+0000] {gcs.py:98} INFO - Sensor checks existence of : used-car-price-analysis, data/raw/car_salsses.csv
[2024-03-18T01:59:21.311+0000] {connection.py:269} WARNING - Connection schemes (type: google_cloud_platform) shall not contain '_' according to RFC3986.
[2024-03-18T01:59:21.312+0000] {base.py:83} INFO - Using connection ID 'gcp_***_conn' for task execution.
[2024-03-18T01:59:26.543+0000] {gcs.py:98} INFO - Sensor checks existence of : used-car-price-analysis, data/raw/car_salsses.csv
[2024-03-18T01:59:26.554+0000] {connection.py:269} WARNING - Connection schemes (type: google_cloud_platform) shall not contain '_' according to RFC3986.
[2024-03-18T01:59:26.556+0000] {base.py:83} INFO - Using connection ID 'gcp_***_conn' for task execution.
[2024-03-18T01:59:31.831+0000] {gcs.py:98} INFO - Sensor checks existence of : used-car-price-analysis, data/raw/car_salsses.csv
[2024-03-18T01:59:31.853+0000] {connection.py:269} WARNING - Connection schemes (type: google_cloud_platform) shall not contain '_' according to RFC3986.
[2024-03-18T01:59:31.855+0000] {base.py:83} INFO - Using connection ID 'gcp_***_conn' for task execution.
[2024-03-18T01:59:37.103+0000] {gcs.py:98} INFO - Sensor checks existence of : used-car-price-analysis, data/raw/car_salsses.csv
[2024-03-18T01:59:37.115+0000] {connection.py:269} WARNING - Connection schemes (type: google_cloud_platform) shall not contain '_' according to RFC3986.
[2024-03-18T01:59:37.116+0000] {base.py:83} INFO - Using connection ID 'gcp_***_conn' for task execution.
[2024-03-18T01:59:42.410+0000] {gcs.py:98} INFO - Sensor checks existence of : used-car-price-analysis, data/raw/car_salsses.csv
[2024-03-18T01:59:42.425+0000] {connection.py:269} WARNING - Connection schemes (type: google_cloud_platform) shall not contain '_' according to RFC3986.
[2024-03-18T01:59:42.427+0000] {base.py:83} INFO - Using connection ID 'gcp_***_conn' for task execution.
[2024-03-18T01:59:48.297+0000] {gcs.py:98} INFO - Sensor checks existence of : used-car-price-analysis, data/raw/car_salsses.csv
[2024-03-18T01:59:48.309+0000] {connection.py:269} WARNING - Connection schemes (type: google_cloud_platform) shall not contain '_' according to RFC3986.
[2024-03-18T01:59:48.311+0000] {base.py:83} INFO - Using connection ID 'gcp_***_conn' for task execution.
[2024-03-18T01:59:53.607+0000] {gcs.py:98} INFO - Sensor checks existence of : used-car-price-analysis, data/raw/car_salsses.csv
[2024-03-18T01:59:53.624+0000] {connection.py:269} WARNING - Connection schemes (type: google_cloud_platform) shall not contain '_' according to RFC3986.
[2024-03-18T01:59:53.626+0000] {base.py:83} INFO - Using connection ID 'gcp_***_conn' for task execution.
[2024-03-18T01:59:59.003+0000] {gcs.py:98} INFO - Sensor checks existence of : used-car-price-analysis, data/raw/car_salsses.csv
[2024-03-18T01:59:59.026+0000] {connection.py:269} WARNING - Connection schemes (type: google_cloud_platform) shall not contain '_' according to RFC3986.
[2024-03-18T01:59:59.028+0000] {base.py:83} INFO - Using connection ID 'gcp_***_conn' for task execution.
[2024-03-18T02:00:04.353+0000] {gcs.py:98} INFO - Sensor checks existence of : used-car-price-analysis, data/raw/car_salsses.csv
[2024-03-18T02:00:04.365+0000] {connection.py:269} WARNING - Connection schemes (type: google_cloud_platform) shall not contain '_' according to RFC3986.
[2024-03-18T02:00:04.371+0000] {base.py:83} INFO - Using connection ID 'gcp_***_conn' for task execution.
[2024-03-18T02:00:09.710+0000] {gcs.py:98} INFO - Sensor checks existence of : used-car-price-analysis, data/raw/car_salsses.csv
[2024-03-18T02:00:09.723+0000] {connection.py:269} WARNING - Connection schemes (type: google_cloud_platform) shall not contain '_' according to RFC3986.
[2024-03-18T02:00:09.724+0000] {base.py:83} INFO - Using connection ID 'gcp_***_conn' for task execution.
[2024-03-18T02:00:15.066+0000] {gcs.py:98} INFO - Sensor checks existence of : used-car-price-analysis, data/raw/car_salsses.csv
[2024-03-18T02:00:15.083+0000] {connection.py:269} WARNING - Connection schemes (type: google_cloud_platform) shall not contain '_' according to RFC3986.
[2024-03-18T02:00:15.085+0000] {base.py:83} INFO - Using connection ID 'gcp_***_conn' for task execution.
[2024-03-18T02:00:20.434+0000] {gcs.py:98} INFO - Sensor checks existence of : used-car-price-analysis, data/raw/car_salsses.csv
[2024-03-18T02:00:20.450+0000] {connection.py:269} WARNING - Connection schemes (type: google_cloud_platform) shall not contain '_' according to RFC3986.
[2024-03-18T02:00:20.457+0000] {base.py:83} INFO - Using connection ID 'gcp_***_conn' for task execution.
[2024-03-18T02:00:25.967+0000] {gcs.py:98} INFO - Sensor checks existence of : used-car-price-analysis, data/raw/car_salsses.csv
[2024-03-18T02:00:26.019+0000] {connection.py:269} WARNING - Connection schemes (type: google_cloud_platform) shall not contain '_' according to RFC3986.
[2024-03-18T02:00:26.020+0000] {base.py:83} INFO - Using connection ID 'gcp_***_conn' for task execution.
[2024-03-18T02:00:31.542+0000] {gcs.py:98} INFO - Sensor checks existence of : used-car-price-analysis, data/raw/car_salsses.csv
[2024-03-18T02:00:31.557+0000] {connection.py:269} WARNING - Connection schemes (type: google_cloud_platform) shall not contain '_' according to RFC3986.
[2024-03-18T02:00:31.559+0000] {base.py:83} INFO - Using connection ID 'gcp_***_conn' for task execution.
[2024-03-18T02:00:36.826+0000] {gcs.py:98} INFO - Sensor checks existence of : used-car-price-analysis, data/raw/car_salsses.csv
[2024-03-18T02:00:36.843+0000] {connection.py:269} WARNING - Connection schemes (type: google_cloud_platform) shall not contain '_' according to RFC3986.
[2024-03-18T02:00:36.845+0000] {base.py:83} INFO - Using connection ID 'gcp_***_conn' for task execution.
[2024-03-18T02:00:42.226+0000] {gcs.py:98} INFO - Sensor checks existence of : used-car-price-analysis, data/raw/car_salsses.csv
[2024-03-18T02:00:42.251+0000] {connection.py:269} WARNING - Connection schemes (type: google_cloud_platform) shall not contain '_' according to RFC3986.
[2024-03-18T02:00:42.253+0000] {base.py:83} INFO - Using connection ID 'gcp_***_conn' for task execution.
[2024-03-18T02:00:47.587+0000] {gcs.py:98} INFO - Sensor checks existence of : used-car-price-analysis, data/raw/car_salsses.csv
[2024-03-18T02:00:47.606+0000] {connection.py:269} WARNING - Connection schemes (type: google_cloud_platform) shall not contain '_' according to RFC3986.
[2024-03-18T02:00:47.608+0000] {base.py:83} INFO - Using connection ID 'gcp_***_conn' for task execution.
[2024-03-18T02:00:52.922+0000] {gcs.py:98} INFO - Sensor checks existence of : used-car-price-analysis, data/raw/car_salsses.csv
[2024-03-18T02:00:52.986+0000] {connection.py:269} WARNING - Connection schemes (type: google_cloud_platform) shall not contain '_' according to RFC3986.
[2024-03-18T02:00:52.989+0000] {base.py:83} INFO - Using connection ID 'gcp_***_conn' for task execution.
[2024-03-18T02:00:58.466+0000] {gcs.py:98} INFO - Sensor checks existence of : used-car-price-analysis, data/raw/car_salsses.csv
[2024-03-18T02:00:58.492+0000] {connection.py:269} WARNING - Connection schemes (type: google_cloud_platform) shall not contain '_' according to RFC3986.
[2024-03-18T02:00:58.494+0000] {base.py:83} INFO - Using connection ID 'gcp_***_conn' for task execution.
[2024-03-18T02:01:03.990+0000] {gcs.py:98} INFO - Sensor checks existence of : used-car-price-analysis, data/raw/car_salsses.csv
[2024-03-18T02:01:04.011+0000] {connection.py:269} WARNING - Connection schemes (type: google_cloud_platform) shall not contain '_' according to RFC3986.
[2024-03-18T02:01:04.013+0000] {base.py:83} INFO - Using connection ID 'gcp_***_conn' for task execution.
[2024-03-18T02:01:09.366+0000] {gcs.py:98} INFO - Sensor checks existence of : used-car-price-analysis, data/raw/car_salsses.csv
[2024-03-18T02:01:09.403+0000] {connection.py:269} WARNING - Connection schemes (type: google_cloud_platform) shall not contain '_' according to RFC3986.
[2024-03-18T02:01:09.404+0000] {base.py:83} INFO - Using connection ID 'gcp_***_conn' for task execution.
[2024-03-18T02:01:15.018+0000] {gcs.py:98} INFO - Sensor checks existence of : used-car-price-analysis, data/raw/car_salsses.csv
[2024-03-18T02:01:15.035+0000] {connection.py:269} WARNING - Connection schemes (type: google_cloud_platform) shall not contain '_' according to RFC3986.
[2024-03-18T02:01:15.036+0000] {base.py:83} INFO - Using connection ID 'gcp_***_conn' for task execution.
[2024-03-18T02:01:20.319+0000] {gcs.py:98} INFO - Sensor checks existence of : used-car-price-analysis, data/raw/car_salsses.csv
[2024-03-18T02:01:20.337+0000] {connection.py:269} WARNING - Connection schemes (type: google_cloud_platform) shall not contain '_' according to RFC3986.
[2024-03-18T02:01:20.341+0000] {base.py:83} INFO - Using connection ID 'gcp_***_conn' for task execution.
[2024-03-18T02:01:25.570+0000] {gcs.py:98} INFO - Sensor checks existence of : used-car-price-analysis, data/raw/car_salsses.csv
[2024-03-18T02:01:25.583+0000] {connection.py:269} WARNING - Connection schemes (type: google_cloud_platform) shall not contain '_' according to RFC3986.
[2024-03-18T02:01:25.584+0000] {base.py:83} INFO - Using connection ID 'gcp_***_conn' for task execution.
[2024-03-18T02:01:31.128+0000] {gcs.py:98} INFO - Sensor checks existence of : used-car-price-analysis, data/raw/car_salsses.csv
[2024-03-18T02:01:31.190+0000] {connection.py:269} WARNING - Connection schemes (type: google_cloud_platform) shall not contain '_' according to RFC3986.
[2024-03-18T02:01:31.192+0000] {base.py:83} INFO - Using connection ID 'gcp_***_conn' for task execution.
[2024-03-18T02:01:36.882+0000] {gcs.py:98} INFO - Sensor checks existence of : used-car-price-analysis, data/raw/car_salsses.csv
[2024-03-18T02:01:36.897+0000] {connection.py:269} WARNING - Connection schemes (type: google_cloud_platform) shall not contain '_' according to RFC3986.
[2024-03-18T02:01:36.900+0000] {base.py:83} INFO - Using connection ID 'gcp_***_conn' for task execution.
[2024-03-18T02:01:42.319+0000] {gcs.py:98} INFO - Sensor checks existence of : used-car-price-analysis, data/raw/car_salsses.csv
[2024-03-18T02:01:42.331+0000] {connection.py:269} WARNING - Connection schemes (type: google_cloud_platform) shall not contain '_' according to RFC3986.
[2024-03-18T02:01:42.333+0000] {base.py:83} INFO - Using connection ID 'gcp_***_conn' for task execution.
[2024-03-18T02:01:47.622+0000] {gcs.py:98} INFO - Sensor checks existence of : used-car-price-analysis, data/raw/car_salsses.csv
[2024-03-18T02:01:47.647+0000] {connection.py:269} WARNING - Connection schemes (type: google_cloud_platform) shall not contain '_' according to RFC3986.
[2024-03-18T02:01:47.649+0000] {base.py:83} INFO - Using connection ID 'gcp_***_conn' for task execution.
[2024-03-18T02:01:53.022+0000] {gcs.py:98} INFO - Sensor checks existence of : used-car-price-analysis, data/raw/car_salsses.csv
[2024-03-18T02:01:53.034+0000] {connection.py:269} WARNING - Connection schemes (type: google_cloud_platform) shall not contain '_' according to RFC3986.
[2024-03-18T02:01:53.036+0000] {base.py:83} INFO - Using connection ID 'gcp_***_conn' for task execution.
[2024-03-18T02:01:58.323+0000] {gcs.py:98} INFO - Sensor checks existence of : used-car-price-analysis, data/raw/car_salsses.csv
[2024-03-18T02:01:58.335+0000] {connection.py:269} WARNING - Connection schemes (type: google_cloud_platform) shall not contain '_' according to RFC3986.
[2024-03-18T02:01:58.337+0000] {base.py:83} INFO - Using connection ID 'gcp_***_conn' for task execution.
[2024-03-18T02:02:03.546+0000] {gcs.py:98} INFO - Sensor checks existence of : used-car-price-analysis, data/raw/car_salsses.csv
[2024-03-18T02:02:03.573+0000] {connection.py:269} WARNING - Connection schemes (type: google_cloud_platform) shall not contain '_' according to RFC3986.
[2024-03-18T02:02:03.574+0000] {base.py:83} INFO - Using connection ID 'gcp_***_conn' for task execution.
[2024-03-18T02:02:08.967+0000] {gcs.py:98} INFO - Sensor checks existence of : used-car-price-analysis, data/raw/car_salsses.csv
[2024-03-18T02:02:08.984+0000] {connection.py:269} WARNING - Connection schemes (type: google_cloud_platform) shall not contain '_' according to RFC3986.
[2024-03-18T02:02:08.986+0000] {base.py:83} INFO - Using connection ID 'gcp_***_conn' for task execution.
[2024-03-18T02:02:14.316+0000] {gcs.py:98} INFO - Sensor checks existence of : used-car-price-analysis, data/raw/car_salsses.csv
[2024-03-18T02:02:14.337+0000] {connection.py:269} WARNING - Connection schemes (type: google_cloud_platform) shall not contain '_' according to RFC3986.
[2024-03-18T02:02:14.342+0000] {base.py:83} INFO - Using connection ID 'gcp_***_conn' for task execution.
[2024-03-18T02:02:19.544+0000] {gcs.py:98} INFO - Sensor checks existence of : used-car-price-analysis, data/raw/car_salsses.csv
[2024-03-18T02:02:19.559+0000] {connection.py:269} WARNING - Connection schemes (type: google_cloud_platform) shall not contain '_' according to RFC3986.
[2024-03-18T02:02:19.561+0000] {base.py:83} INFO - Using connection ID 'gcp_***_conn' for task execution.
[2024-03-18T02:02:24.818+0000] {gcs.py:98} INFO - Sensor checks existence of : used-car-price-analysis, data/raw/car_salsses.csv
[2024-03-18T02:02:24.830+0000] {connection.py:269} WARNING - Connection schemes (type: google_cloud_platform) shall not contain '_' according to RFC3986.
[2024-03-18T02:02:24.832+0000] {base.py:83} INFO - Using connection ID 'gcp_***_conn' for task execution.
[2024-03-18T02:02:30.031+0000] {gcs.py:98} INFO - Sensor checks existence of : used-car-price-analysis, data/raw/car_salsses.csv
[2024-03-18T02:02:30.042+0000] {connection.py:269} WARNING - Connection schemes (type: google_cloud_platform) shall not contain '_' according to RFC3986.
[2024-03-18T02:02:30.044+0000] {base.py:83} INFO - Using connection ID 'gcp_***_conn' for task execution.
[2024-03-18T02:02:35.243+0000] {gcs.py:98} INFO - Sensor checks existence of : used-car-price-analysis, data/raw/car_salsses.csv
[2024-03-18T02:02:35.265+0000] {connection.py:269} WARNING - Connection schemes (type: google_cloud_platform) shall not contain '_' according to RFC3986.
[2024-03-18T02:02:35.266+0000] {base.py:83} INFO - Using connection ID 'gcp_***_conn' for task execution.
[2024-03-18T02:02:40.602+0000] {gcs.py:98} INFO - Sensor checks existence of : used-car-price-analysis, data/raw/car_salsses.csv
[2024-03-18T02:02:40.619+0000] {connection.py:269} WARNING - Connection schemes (type: google_cloud_platform) shall not contain '_' according to RFC3986.
[2024-03-18T02:02:40.624+0000] {base.py:83} INFO - Using connection ID 'gcp_***_conn' for task execution.
[2024-03-18T02:02:45.822+0000] {gcs.py:98} INFO - Sensor checks existence of : used-car-price-analysis, data/raw/car_salsses.csv
[2024-03-18T02:02:45.856+0000] {connection.py:269} WARNING - Connection schemes (type: google_cloud_platform) shall not contain '_' according to RFC3986.
[2024-03-18T02:02:45.863+0000] {base.py:83} INFO - Using connection ID 'gcp_***_conn' for task execution.
[2024-03-18T02:02:51.347+0000] {gcs.py:98} INFO - Sensor checks existence of : used-car-price-analysis, data/raw/car_salsses.csv
[2024-03-18T02:02:51.359+0000] {connection.py:269} WARNING - Connection schemes (type: google_cloud_platform) shall not contain '_' according to RFC3986.
[2024-03-18T02:02:51.361+0000] {base.py:83} INFO - Using connection ID 'gcp_***_conn' for task execution.
[2024-03-18T02:02:56.570+0000] {gcs.py:98} INFO - Sensor checks existence of : used-car-price-analysis, data/raw/car_salsses.csv
[2024-03-18T02:02:56.583+0000] {connection.py:269} WARNING - Connection schemes (type: google_cloud_platform) shall not contain '_' according to RFC3986.
[2024-03-18T02:02:56.585+0000] {base.py:83} INFO - Using connection ID 'gcp_***_conn' for task execution.
[2024-03-18T02:03:01.800+0000] {gcs.py:98} INFO - Sensor checks existence of : used-car-price-analysis, data/raw/car_salsses.csv
[2024-03-18T02:03:01.810+0000] {connection.py:269} WARNING - Connection schemes (type: google_cloud_platform) shall not contain '_' according to RFC3986.
[2024-03-18T02:03:01.812+0000] {base.py:83} INFO - Using connection ID 'gcp_***_conn' for task execution.
[2024-03-18T02:03:07.017+0000] {gcs.py:98} INFO - Sensor checks existence of : used-car-price-analysis, data/raw/car_salsses.csv
[2024-03-18T02:03:07.042+0000] {connection.py:269} WARNING - Connection schemes (type: google_cloud_platform) shall not contain '_' according to RFC3986.
[2024-03-18T02:03:07.044+0000] {base.py:83} INFO - Using connection ID 'gcp_***_conn' for task execution.
[2024-03-18T02:03:12.246+0000] {gcs.py:98} INFO - Sensor checks existence of : used-car-price-analysis, data/raw/car_salsses.csv
[2024-03-18T02:03:12.266+0000] {connection.py:269} WARNING - Connection schemes (type: google_cloud_platform) shall not contain '_' according to RFC3986.
[2024-03-18T02:03:12.268+0000] {base.py:83} INFO - Using connection ID 'gcp_***_conn' for task execution.
[2024-03-18T02:03:17.718+0000] {gcs.py:98} INFO - Sensor checks existence of : used-car-price-analysis, data/raw/car_salsses.csv
[2024-03-18T02:03:17.734+0000] {connection.py:269} WARNING - Connection schemes (type: google_cloud_platform) shall not contain '_' according to RFC3986.
[2024-03-18T02:03:17.735+0000] {base.py:83} INFO - Using connection ID 'gcp_***_conn' for task execution.
[2024-03-18T02:03:23.158+0000] {gcs.py:98} INFO - Sensor checks existence of : used-car-price-analysis, data/raw/car_salsses.csv
[2024-03-18T02:03:23.169+0000] {connection.py:269} WARNING - Connection schemes (type: google_cloud_platform) shall not contain '_' according to RFC3986.
[2024-03-18T02:03:23.171+0000] {base.py:83} INFO - Using connection ID 'gcp_***_conn' for task execution.
[2024-03-18T02:03:28.377+0000] {gcs.py:98} INFO - Sensor checks existence of : used-car-price-analysis, data/raw/car_salsses.csv
[2024-03-18T02:03:28.387+0000] {connection.py:269} WARNING - Connection schemes (type: google_cloud_platform) shall not contain '_' according to RFC3986.
[2024-03-18T02:03:28.389+0000] {base.py:83} INFO - Using connection ID 'gcp_***_conn' for task execution.
[2024-03-18T02:03:33.718+0000] {gcs.py:98} INFO - Sensor checks existence of : used-car-price-analysis, data/raw/car_salsses.csv
[2024-03-18T02:03:33.741+0000] {connection.py:269} WARNING - Connection schemes (type: google_cloud_platform) shall not contain '_' according to RFC3986.
[2024-03-18T02:03:33.743+0000] {base.py:83} INFO - Using connection ID 'gcp_***_conn' for task execution.
[2024-03-18T02:03:38.954+0000] {gcs.py:98} INFO - Sensor checks existence of : used-car-price-analysis, data/raw/car_salsses.csv
[2024-03-18T02:03:38.966+0000] {connection.py:269} WARNING - Connection schemes (type: google_cloud_platform) shall not contain '_' according to RFC3986.
[2024-03-18T02:03:38.968+0000] {base.py:83} INFO - Using connection ID 'gcp_***_conn' for task execution.
[2024-03-18T02:03:44.218+0000] {gcs.py:98} INFO - Sensor checks existence of : used-car-price-analysis, data/raw/car_salsses.csv
[2024-03-18T02:03:44.237+0000] {connection.py:269} WARNING - Connection schemes (type: google_cloud_platform) shall not contain '_' according to RFC3986.
[2024-03-18T02:03:44.240+0000] {base.py:83} INFO - Using connection ID 'gcp_***_conn' for task execution.
[2024-03-18T02:03:49.626+0000] {gcs.py:98} INFO - Sensor checks existence of : used-car-price-analysis, data/raw/car_salsses.csv
[2024-03-18T02:03:49.637+0000] {connection.py:269} WARNING - Connection schemes (type: google_cloud_platform) shall not contain '_' according to RFC3986.
[2024-03-18T02:03:49.640+0000] {base.py:83} INFO - Using connection ID 'gcp_***_conn' for task execution.
[2024-03-18T02:03:54.846+0000] {gcs.py:98} INFO - Sensor checks existence of : used-car-price-analysis, data/raw/car_salsses.csv
[2024-03-18T02:03:54.866+0000] {connection.py:269} WARNING - Connection schemes (type: google_cloud_platform) shall not contain '_' according to RFC3986.
[2024-03-18T02:03:54.868+0000] {base.py:83} INFO - Using connection ID 'gcp_***_conn' for task execution.
[2024-03-18T02:04:00.190+0000] {gcs.py:98} INFO - Sensor checks existence of : used-car-price-analysis, data/raw/car_salsses.csv
[2024-03-18T02:04:00.210+0000] {connection.py:269} WARNING - Connection schemes (type: google_cloud_platform) shall not contain '_' according to RFC3986.
[2024-03-18T02:04:00.212+0000] {base.py:83} INFO - Using connection ID 'gcp_***_conn' for task execution.
[2024-03-18T02:04:05.414+0000] {gcs.py:98} INFO - Sensor checks existence of : used-car-price-analysis, data/raw/car_salsses.csv
[2024-03-18T02:04:05.427+0000] {connection.py:269} WARNING - Connection schemes (type: google_cloud_platform) shall not contain '_' according to RFC3986.
[2024-03-18T02:04:05.429+0000] {base.py:83} INFO - Using connection ID 'gcp_***_conn' for task execution.
[2024-03-18T02:04:10.672+0000] {gcs.py:98} INFO - Sensor checks existence of : used-car-price-analysis, data/raw/car_salsses.csv
[2024-03-18T02:04:10.688+0000] {connection.py:269} WARNING - Connection schemes (type: google_cloud_platform) shall not contain '_' according to RFC3986.
[2024-03-18T02:04:10.689+0000] {base.py:83} INFO - Using connection ID 'gcp_***_conn' for task execution.
[2024-03-18T02:04:15.858+0000] {local_task_job_runner.py:302} WARNING - State of this instance has been externally set to failed. Terminating instance.
[2024-03-18T02:04:15.864+0000] {process_utils.py:131} INFO - Sending 15 to group 13040. PIDs of all processes in the group: [13040]
[2024-03-18T02:04:15.864+0000] {process_utils.py:86} INFO - Sending the signal 15 to group 13040
[2024-03-18T02:04:15.865+0000] {taskinstance.py:2483} ERROR - Received SIGTERM. Terminating subprocesses.
[2024-03-18T02:04:15.921+0000] {process_utils.py:79} INFO - Process psutil.Process(pid=13040, status='terminated', exitcode=0, started='01:56:45') (13040) terminated with exit code 0
