[0m04:33:36.053528 [debug] [MainThread]: Sending event: {'category': 'dbt', 'action': 'invocation', 'label': 'start', 'context': [<snowplow_tracker.self_describing_json.SelfDescribingJson object at 0x7f805a1276d0>, <snowplow_tracker.self_describing_json.SelfDescribingJson object at 0x7f805a847e80>, <snowplow_tracker.self_describing_json.SelfDescribingJson object at 0x7f805a8598b0>]}


============================== 04:33:36.058428 | 1f3408b2-f936-4880-8f53-e97b98c0a1e3 ==============================
[0m04:33:36.058428 [info ] [MainThread]: Running with dbt=1.7.10
[0m04:33:36.060488 [debug] [MainThread]: running dbt with arguments {'printer_width': '80', 'indirect_selection': 'eager', 'write_json': 'True', 'log_cache_events': 'False', 'partial_parse': 'True', 'cache_selected_only': 'False', 'warn_error': 'None', 'debug': 'False', 'profiles_dir': '/home/hariatde_gmail_com/.dbt', 'log_path': 'logs', 'fail_fast': 'False', 'version_check': 'True', 'use_colors': 'True', 'use_experimental_parser': 'False', 'no_print': 'None', 'quiet': 'False', 'log_format': 'default', 'static_parser': 'True', 'introspect': 'True', 'warn_error_options': 'WarnErrorOptions(include=[], exclude=[])', 'target_path': 'None', 'invocation_command': 'dbt init', 'send_anonymous_usage_stats': 'True'}
[0m04:33:36.061873 [warn ] [MainThread]: [ConfigFolderDirectory]: Unable to parse dict {'dir': PosixPath('/home/hariatde_gmail_com/.dbt')}
[0m04:33:36.062726 [info ] [MainThread]: Creating dbt configuration folder at 
[0m04:33:51.437093 [debug] [MainThread]: Starter project path: /home/hariatde_gmail_com/project-used-cars/Used-Car-Price-data-analysiss/dbt-env/lib/python3.8/site-packages/dbt/include/starter_project
[0m04:33:51.443901 [info ] [MainThread]: 
Your new dbt project "used_car_price_analysis" was created!

For more information on how to configure the profiles.yml file,
please consult the dbt documentation here:

  https://docs.getdbt.com/docs/configure-your-profile

One more thing:

Need help? Don't hesitate to reach out to us via GitHub issues or on Slack:

  https://community.getdbt.com/

Happy modeling!

[0m04:33:51.445632 [info ] [MainThread]: Setting up your profile.
[0m04:35:56.633206 [info ] [MainThread]: Profile used_car_price_analysis written to /home/hariatde_gmail_com/.dbt/profiles.yml using target's profile_template.yml and your supplied values. Run 'dbt debug' to validate the connection.
[0m04:35:56.667042 [debug] [MainThread]: Resource report: {"command_name": "init", "command_success": true, "command_wall_clock_time": 140.63298, "process_user_time": 4.784779, "process_kernel_time": 0.175846, "process_mem_max_rss": "107804", "process_in_blocks": "3272", "process_out_blocks": "80"}
[0m04:35:56.668913 [debug] [MainThread]: Command `dbt init` succeeded at 04:35:56.668502 after 140.64 seconds
[0m04:35:56.669970 [debug] [MainThread]: Sending event: {'category': 'dbt', 'action': 'invocation', 'label': 'end', 'context': [<snowplow_tracker.self_describing_json.SelfDescribingJson object at 0x7f805a1276d0>, <snowplow_tracker.self_describing_json.SelfDescribingJson object at 0x7f8056df5d90>, <snowplow_tracker.self_describing_json.SelfDescribingJson object at 0x7f805a859220>]}
[0m04:35:56.670917 [debug] [MainThread]: Flushing usage events
