[2024-03-15T01:58:10.590+0000] {taskinstance.py:1979} INFO - Dependencies all met for dep_context=non-requeueable deps ti=<TaskInstance: source_to_gcs.upload_file_gcs manual__2024-03-15T01:57:59.266745+00:00 [queued]>
[2024-03-15T01:58:10.605+0000] {taskinstance.py:1979} INFO - Dependencies all met for dep_context=requeueable deps ti=<TaskInstance: source_to_gcs.upload_file_gcs manual__2024-03-15T01:57:59.266745+00:00 [queued]>
[2024-03-15T01:58:10.605+0000] {taskinstance.py:2193} INFO - Starting attempt 1 of 1
[2024-03-15T01:58:10.637+0000] {taskinstance.py:2217} INFO - Executing <Task(LocalFilesystemToGCSOperator): upload_file_gcs> on 2024-03-15 01:57:59.266745+00:00
[2024-03-15T01:58:10.647+0000] {standard_task_runner.py:60} INFO - Started process 339 to run task
[2024-03-15T01:58:10.666+0000] {standard_task_runner.py:87} INFO - Running: ['***', 'tasks', 'run', 'source_to_gcs', 'upload_file_gcs', 'manual__2024-03-15T01:57:59.266745+00:00', '--job-id', '12', '--raw', '--subdir', 'DAGS_FOLDER/sourcetobucket.py', '--cfg-path', '/tmp/tmphdhp_00d']
[2024-03-15T01:58:10.675+0000] {standard_task_runner.py:88} INFO - Job 12: Subtask upload_file_gcs
[2024-03-15T01:58:10.809+0000] {task_command.py:423} INFO - Running <TaskInstance: source_to_gcs.upload_file_gcs manual__2024-03-15T01:57:59.266745+00:00 [running]> on host 693aecab9d7c
[2024-03-15T01:58:11.077+0000] {taskinstance.py:2513} INFO - Exporting env vars: AIRFLOW_CTX_DAG_OWNER='***' AIRFLOW_CTX_DAG_ID='source_to_gcs' AIRFLOW_CTX_TASK_ID='upload_file_gcs' AIRFLOW_CTX_EXECUTION_DATE='2024-03-15T01:57:59.266745+00:00' AIRFLOW_CTX_TRY_NUMBER='1' AIRFLOW_CTX_DAG_RUN_ID='manual__2024-03-15T01:57:59.266745+00:00'
[2024-03-15T01:58:11.122+0000] {taskinstance.py:2731} ERROR - Task failed with exception
Traceback (most recent call last):
  File "/home/airflow/.local/lib/python3.8/site-packages/airflow/models/taskinstance.py", line 444, in _execute_task
    result = _execute_callable(context=context, **execute_callable_kwargs)
  File "/home/airflow/.local/lib/python3.8/site-packages/airflow/models/taskinstance.py", line 414, in _execute_callable
    return execute_callable(context=context, **execute_callable_kwargs)
  File "/home/airflow/.local/lib/python3.8/site-packages/airflow/providers/google/cloud/transfers/local_to_gcs.py", line 90, in execute
    hook = GCSHook(
  File "/home/airflow/.local/lib/python3.8/site-packages/airflow/providers/google/cloud/hooks/gcs.py", line 159, in __init__
    super().__init__(
  File "/home/airflow/.local/lib/python3.8/site-packages/airflow/providers/google/common/hooks/base_google.py", line 251, in __init__
    self.extras: dict = self.get_connection(self.gcp_conn_id).extra_dejson
  File "/home/airflow/.local/lib/python3.8/site-packages/airflow/hooks/base.py", line 82, in get_connection
    conn = Connection.get_connection_from_secrets(conn_id)
  File "/home/airflow/.local/lib/python3.8/site-packages/airflow/models/connection.py", line 514, in get_connection_from_secrets
    raise AirflowNotFoundException(f"The conn_id `{conn_id}` isn't defined")
airflow.exceptions.AirflowNotFoundException: The conn_id `gcs_***_conn` isn't defined
[2024-03-15T01:58:11.131+0000] {taskinstance.py:1149} INFO - Marking task as FAILED. dag_id=source_to_gcs, task_id=upload_file_gcs, execution_date=20240315T015759, start_date=20240315T015810, end_date=20240315T015811
[2024-03-15T01:58:11.239+0000] {standard_task_runner.py:107} ERROR - Failed to execute job 12 for task upload_file_gcs (The conn_id `gcs_***_conn` isn't defined; 339)
[2024-03-15T01:58:11.293+0000] {local_task_job_runner.py:234} INFO - Task exited with return code 1
[2024-03-15T01:58:11.330+0000] {taskinstance.py:3312} INFO - 0 downstream tasks scheduled from follow-on schedule check
