[2024-03-14T01:40:33.271+0000] {manager.py:469} INFO - Processing files using up to 2 processes at a time 
[2024-03-14T01:40:33.274+0000] {manager.py:470} INFO - Process each file at most once every 30 seconds
[2024-03-14T01:40:33.286+0000] {manager.py:471} INFO - Checking for new files in /opt/airflow/dags every 300 seconds
[2024-03-14T01:40:33.290+0000] {manager.py:738} INFO - Searching for files in /opt/airflow/dags
[2024-03-14T01:40:33.292+0000] {manager.py:741} INFO - There are 0 files in /opt/airflow/dags
[2024-03-14T01:45:33.311+0000] {manager.py:738} INFO - Searching for files in /opt/airflow/dags
[2024-03-14T01:45:33.314+0000] {manager.py:741} INFO - There are 0 files in /opt/airflow/dags
[2024-03-14T01:50:33.999+0000] {manager.py:738} INFO - Searching for files in /opt/airflow/dags
[2024-03-14T01:50:34.006+0000] {manager.py:741} INFO - There are 1 files in /opt/airflow/dags
[2024-03-14T01:50:37.116+0000] {manager.py:879} INFO - 
================================================================================
DAG File Processing Stats

File Path                          PID    Runtime      # DAGs    # Errors  Last Runtime    Last Run
---------------------------------  -----  ---------  --------  ----------  --------------  -------------------
/opt/airflow/dags/test_airflow.py                           0           1  0.18s           2024-03-14T01:50:34
================================================================================
[2024-03-14T01:51:07.329+0000] {manager.py:879} INFO - 
================================================================================
DAG File Processing Stats

File Path                          PID    Runtime      # DAGs    # Errors  Last Runtime    Last Run
---------------------------------  -----  ---------  --------  ----------  --------------  -------------------
/opt/airflow/dags/test_airflow.py                           0           1  0.08s           2024-03-14T01:51:04
================================================================================
[2024-03-14T01:51:37.591+0000] {manager.py:879} INFO - 
================================================================================
DAG File Processing Stats

File Path                          PID    Runtime      # DAGs    # Errors  Last Runtime    Last Run
---------------------------------  -----  ---------  --------  ----------  --------------  -------------------
/opt/airflow/dags/test_airflow.py                           0           1  0.09s           2024-03-14T01:51:34
================================================================================
[2024-03-14T01:52:07.802+0000] {manager.py:879} INFO - 
================================================================================
DAG File Processing Stats

File Path                          PID    Runtime      # DAGs    # Errors  Last Runtime    Last Run
---------------------------------  -----  ---------  --------  ----------  --------------  -------------------
/opt/airflow/dags/test_airflow.py                           0           1  0.19s           2024-03-14T01:52:04
================================================================================
[2024-03-14T01:52:37.968+0000] {manager.py:879} INFO - 
================================================================================
DAG File Processing Stats

File Path                          PID    Runtime      # DAGs    # Errors  Last Runtime    Last Run
---------------------------------  -----  ---------  --------  ----------  --------------  -------------------
/opt/airflow/dags/test_airflow.py                           0           1  0.13s           2024-03-14T01:52:35
================================================================================
[2024-03-14T01:53:08.162+0000] {manager.py:879} INFO - 
================================================================================
DAG File Processing Stats

File Path                          PID    Runtime      # DAGs    # Errors  Last Runtime    Last Run
---------------------------------  -----  ---------  --------  ----------  --------------  -------------------
/opt/airflow/dags/test_airflow.py                           0           1  0.10s           2024-03-14T01:53:05
================================================================================
[2024-03-14T01:53:38.339+0000] {manager.py:879} INFO - 
================================================================================
DAG File Processing Stats

File Path                          PID    Runtime      # DAGs    # Errors  Last Runtime    Last Run
---------------------------------  -----  ---------  --------  ----------  --------------  -------------------
/opt/airflow/dags/test_airflow.py                           0           1  0.07s           2024-03-14T01:53:35
================================================================================
[2024-03-14T01:54:08.610+0000] {manager.py:879} INFO - 
================================================================================
DAG File Processing Stats

File Path                          PID    Runtime      # DAGs    # Errors  Last Runtime    Last Run
---------------------------------  -----  ---------  --------  ----------  --------------  -------------------
/opt/airflow/dags/test_airflow.py                           0           1  0.23s           2024-03-14T01:53:50
================================================================================
[2024-03-14T01:54:39.283+0000] {manager.py:879} INFO - 
================================================================================
DAG File Processing Stats

File Path                          PID    Runtime      # DAGs    # Errors  Last Runtime    Last Run
---------------------------------  -----  ---------  --------  ----------  --------------  -------------------
/opt/airflow/dags/test_airflow.py                           0           1  0.10s           2024-03-14T01:54:36
================================================================================
[2024-03-14T01:55:09.910+0000] {manager.py:879} INFO - 
================================================================================
DAG File Processing Stats

File Path                          PID    Runtime      # DAGs    # Errors  Last Runtime    Last Run
---------------------------------  -----  ---------  --------  ----------  --------------  -------------------
/opt/airflow/dags/test_airflow.py                           1           0  1.35s           2024-03-14T01:55:06
================================================================================
[2024-03-14T01:55:34.040+0000] {manager.py:738} INFO - Searching for files in /opt/airflow/dags
[2024-03-14T01:55:34.043+0000] {manager.py:741} INFO - There are 1 files in /opt/airflow/dags
[2024-03-14T01:55:40.332+0000] {manager.py:879} INFO - 
================================================================================
DAG File Processing Stats

File Path                          PID    Runtime      # DAGs    # Errors  Last Runtime    Last Run
---------------------------------  -----  ---------  --------  ----------  --------------  -------------------
/opt/airflow/dags/test_airflow.py                           1           0  0.30s           2024-03-14T01:55:36
================================================================================
[2024-03-14T01:56:10.780+0000] {manager.py:879} INFO - 
================================================================================
DAG File Processing Stats

File Path                          PID    Runtime      # DAGs    # Errors  Last Runtime    Last Run
---------------------------------  -----  ---------  --------  ----------  --------------  -------------------
/opt/airflow/dags/test_airflow.py                           1           0  0.15s           2024-03-14T01:56:06
================================================================================
[2024-03-14T01:56:41.108+0000] {manager.py:879} INFO - 
================================================================================
DAG File Processing Stats

File Path                          PID    Runtime      # DAGs    # Errors  Last Runtime    Last Run
---------------------------------  -----  ---------  --------  ----------  --------------  -------------------
/opt/airflow/dags/test_airflow.py                           1           0  0.20s           2024-03-14T01:56:37
================================================================================
[2024-03-14T01:57:11.350+0000] {manager.py:879} INFO - 
================================================================================
DAG File Processing Stats

File Path                          PID    Runtime      # DAGs    # Errors  Last Runtime    Last Run
---------------------------------  -----  ---------  --------  ----------  --------------  -------------------
/opt/airflow/dags/test_airflow.py                           1           0  0.16s           2024-03-14T01:57:07
================================================================================
[2024-03-14T01:57:41.588+0000] {manager.py:879} INFO - 
================================================================================
DAG File Processing Stats

File Path                          PID    Runtime      # DAGs    # Errors  Last Runtime    Last Run
---------------------------------  -----  ---------  --------  ----------  --------------  -------------------
/opt/airflow/dags/test_airflow.py                           1           0  0.16s           2024-03-14T01:57:37
================================================================================
[2024-03-14T01:58:11.818+0000] {manager.py:879} INFO - 
================================================================================
DAG File Processing Stats

File Path                          PID    Runtime      # DAGs    # Errors  Last Runtime    Last Run
---------------------------------  -----  ---------  --------  ----------  --------------  -------------------
/opt/airflow/dags/test_airflow.py                           1           0  0.21s           2024-03-14T01:58:07
================================================================================
[2024-03-14T01:58:42.125+0000] {manager.py:879} INFO - 
================================================================================
DAG File Processing Stats

File Path                          PID    Runtime      # DAGs    # Errors  Last Runtime    Last Run
---------------------------------  -----  ---------  --------  ----------  --------------  -------------------
/opt/airflow/dags/test_airflow.py                           1           0  0.18s           2024-03-14T01:58:38
================================================================================
[2024-03-14T01:59:12.313+0000] {manager.py:879} INFO - 
================================================================================
DAG File Processing Stats

File Path                          PID    Runtime      # DAGs    # Errors  Last Runtime    Last Run
---------------------------------  -----  ---------  --------  ----------  --------------  -------------------
/opt/airflow/dags/test_airflow.py                           1           0  0.22s           2024-03-14T01:59:08
================================================================================
[2024-03-14T01:59:42.672+0000] {manager.py:879} INFO - 
================================================================================
DAG File Processing Stats

File Path                          PID    Runtime      # DAGs    # Errors  Last Runtime    Last Run
---------------------------------  -----  ---------  --------  ----------  --------------  -------------------
/opt/airflow/dags/test_airflow.py                           1           0  0.29s           2024-03-14T01:59:38
================================================================================
[2024-03-14T02:00:13.092+0000] {manager.py:879} INFO - 
================================================================================
DAG File Processing Stats

File Path                          PID    Runtime      # DAGs    # Errors  Last Runtime    Last Run
---------------------------------  -----  ---------  --------  ----------  --------------  -------------------
/opt/airflow/dags/test_airflow.py                           1           0  0.25s           2024-03-14T02:00:09
================================================================================
[2024-03-14T02:00:34.193+0000] {manager.py:738} INFO - Searching for files in /opt/airflow/dags
[2024-03-14T02:00:34.201+0000] {manager.py:741} INFO - There are 1 files in /opt/airflow/dags
[2024-03-14T02:00:43.493+0000] {manager.py:879} INFO - 
================================================================================
DAG File Processing Stats

File Path                          PID    Runtime      # DAGs    # Errors  Last Runtime    Last Run
---------------------------------  -----  ---------  --------  ----------  --------------  -------------------
/opt/airflow/dags/test_airflow.py                           1           0  0.15s           2024-03-14T02:00:39
================================================================================
[2024-03-14T02:01:13.776+0000] {manager.py:879} INFO - 
================================================================================
DAG File Processing Stats

File Path                          PID    Runtime      # DAGs    # Errors  Last Runtime    Last Run
---------------------------------  -----  ---------  --------  ----------  --------------  -------------------
/opt/airflow/dags/test_airflow.py                           1           0  0.18s           2024-03-14T02:01:09
================================================================================
[2024-03-14T02:01:43.971+0000] {manager.py:879} INFO - 
================================================================================
DAG File Processing Stats

File Path                          PID    Runtime      # DAGs    # Errors  Last Runtime    Last Run
---------------------------------  -----  ---------  --------  ----------  --------------  -------------------
/opt/airflow/dags/test_airflow.py                           1           0  0.18s           2024-03-14T02:01:40
================================================================================
[2024-03-14T02:02:14.261+0000] {manager.py:879} INFO - 
================================================================================
DAG File Processing Stats

File Path                          PID    Runtime      # DAGs    # Errors  Last Runtime    Last Run
---------------------------------  -----  ---------  --------  ----------  --------------  -------------------
/opt/airflow/dags/test_airflow.py                           1           0  0.19s           2024-03-14T02:02:10
================================================================================
[2024-03-14T02:02:44.496+0000] {manager.py:879} INFO - 
================================================================================
DAG File Processing Stats

File Path                          PID    Runtime      # DAGs    # Errors  Last Runtime    Last Run
---------------------------------  -----  ---------  --------  ----------  --------------  -------------------
/opt/airflow/dags/test_airflow.py                           1           0  0.20s           2024-03-14T02:02:40
================================================================================
[2024-03-14T02:03:14.762+0000] {manager.py:879} INFO - 
================================================================================
DAG File Processing Stats

File Path                          PID    Runtime      # DAGs    # Errors  Last Runtime    Last Run
---------------------------------  -----  ---------  --------  ----------  --------------  -------------------
/opt/airflow/dags/test_airflow.py                           1           0  0.18s           2024-03-14T02:03:10
================================================================================
[2024-03-14T02:03:45.008+0000] {manager.py:879} INFO - 
================================================================================
DAG File Processing Stats

File Path                          PID    Runtime      # DAGs    # Errors  Last Runtime    Last Run
---------------------------------  -----  ---------  --------  ----------  --------------  -------------------
/opt/airflow/dags/test_airflow.py                           1           0  0.28s           2024-03-14T02:03:41
================================================================================
[2024-03-14T02:04:15.343+0000] {manager.py:879} INFO - 
================================================================================
DAG File Processing Stats

File Path                          PID    Runtime      # DAGs    # Errors  Last Runtime    Last Run
---------------------------------  -----  ---------  --------  ----------  --------------  -------------------
/opt/airflow/dags/test_airflow.py                           1           0  0.19s           2024-03-14T02:04:11
================================================================================
[2024-03-14T02:04:45.678+0000] {manager.py:879} INFO - 
================================================================================
DAG File Processing Stats

File Path                          PID    Runtime      # DAGs    # Errors  Last Runtime    Last Run
---------------------------------  -----  ---------  --------  ----------  --------------  -------------------
/opt/airflow/dags/test_airflow.py                           1           0  0.26s           2024-03-14T02:04:41
================================================================================
[2024-03-14T02:05:16.078+0000] {manager.py:879} INFO - 
================================================================================
DAG File Processing Stats

File Path                          PID    Runtime      # DAGs    # Errors  Last Runtime    Last Run
---------------------------------  -----  ---------  --------  ----------  --------------  -------------------
/opt/airflow/dags/test_airflow.py                           1           0  0.15s           2024-03-14T02:05:12
================================================================================
[2024-03-14T02:05:34.298+0000] {manager.py:738} INFO - Searching for files in /opt/airflow/dags
[2024-03-14T02:05:34.300+0000] {manager.py:741} INFO - There are 1 files in /opt/airflow/dags
[2024-03-14T02:05:46.384+0000] {manager.py:879} INFO - 
================================================================================
DAG File Processing Stats

File Path                          PID    Runtime      # DAGs    # Errors  Last Runtime    Last Run
---------------------------------  -----  ---------  --------  ----------  --------------  -------------------
/opt/airflow/dags/test_airflow.py                           1           0  0.20s           2024-03-14T02:05:42
================================================================================
[2024-03-14T02:06:16.593+0000] {manager.py:879} INFO - 
================================================================================
DAG File Processing Stats

File Path                          PID    Runtime      # DAGs    # Errors  Last Runtime    Last Run
---------------------------------  -----  ---------  --------  ----------  --------------  -------------------
/opt/airflow/dags/test_airflow.py                           1           0  0.18s           2024-03-14T02:06:12
================================================================================
[2024-03-14T02:06:46.875+0000] {manager.py:879} INFO - 
================================================================================
DAG File Processing Stats

File Path                          PID    Runtime      # DAGs    # Errors  Last Runtime    Last Run
---------------------------------  -----  ---------  --------  ----------  --------------  -------------------
/opt/airflow/dags/test_airflow.py                           1           0  0.21s           2024-03-14T02:06:42
================================================================================
[2024-03-14T02:07:17.103+0000] {manager.py:879} INFO - 
================================================================================
DAG File Processing Stats

File Path                          PID    Runtime      # DAGs    # Errors  Last Runtime    Last Run
---------------------------------  -----  ---------  --------  ----------  --------------  -------------------
/opt/airflow/dags/test_airflow.py                           1           0  0.15s           2024-03-14T02:07:13
================================================================================
[2024-03-14T02:07:47.331+0000] {manager.py:879} INFO - 
================================================================================
DAG File Processing Stats

File Path                          PID    Runtime      # DAGs    # Errors  Last Runtime    Last Run
---------------------------------  -----  ---------  --------  ----------  --------------  -------------------
/opt/airflow/dags/test_airflow.py                           1           0  0.18s           2024-03-14T02:07:43
================================================================================
[2024-03-14T02:08:17.609+0000] {manager.py:879} INFO - 
================================================================================
DAG File Processing Stats

File Path                          PID    Runtime      # DAGs    # Errors  Last Runtime    Last Run
---------------------------------  -----  ---------  --------  ----------  --------------  -------------------
/opt/airflow/dags/test_airflow.py                           1           0  0.33s           2024-03-14T02:08:13
================================================================================
[2024-03-14T02:08:47.993+0000] {manager.py:879} INFO - 
================================================================================
DAG File Processing Stats

File Path                          PID    Runtime      # DAGs    # Errors  Last Runtime    Last Run
---------------------------------  -----  ---------  --------  ----------  --------------  -------------------
/opt/airflow/dags/test_airflow.py                           1           0  0.61s           2024-03-14T02:08:44
================================================================================
[2024-03-14T02:09:18.002+0000] {manager.py:879} INFO - 
================================================================================
DAG File Processing Stats

File Path                          PID    Runtime      # DAGs    # Errors  Last Runtime    Last Run
---------------------------------  -----  ---------  --------  ----------  --------------  -------------------
/opt/airflow/dags/test_airflow.py                           1           0  0.26s           2024-03-14T02:09:14
================================================================================
[2024-03-14T02:09:48.156+0000] {manager.py:879} INFO - 
================================================================================
DAG File Processing Stats

File Path                          PID    Runtime      # DAGs    # Errors  Last Runtime    Last Run
---------------------------------  -----  ---------  --------  ----------  --------------  -------------------
/opt/airflow/dags/test_airflow.py                           1           0  0.26s           2024-03-14T02:09:45
================================================================================
[2024-03-14T02:10:18.560+0000] {manager.py:879} INFO - 
================================================================================
DAG File Processing Stats

File Path                          PID    Runtime      # DAGs    # Errors  Last Runtime    Last Run
---------------------------------  -----  ---------  --------  ----------  --------------  -------------------
/opt/airflow/dags/test_airflow.py                           1           0  0.18s           2024-03-14T02:10:15
================================================================================
[2024-03-14T02:10:34.664+0000] {manager.py:738} INFO - Searching for files in /opt/airflow/dags
[2024-03-14T02:10:34.666+0000] {manager.py:741} INFO - There are 1 files in /opt/airflow/dags
[2024-03-14T02:10:48.887+0000] {manager.py:879} INFO - 
================================================================================
DAG File Processing Stats

File Path                          PID    Runtime      # DAGs    # Errors  Last Runtime    Last Run
---------------------------------  -----  ---------  --------  ----------  --------------  -------------------
/opt/airflow/dags/test_airflow.py                           1           0  0.23s           2024-03-14T02:10:45
================================================================================
[2024-03-14T02:11:19.130+0000] {manager.py:879} INFO - 
================================================================================
DAG File Processing Stats

File Path                          PID    Runtime      # DAGs    # Errors  Last Runtime    Last Run
---------------------------------  -----  ---------  --------  ----------  --------------  -------------------
/opt/airflow/dags/test_airflow.py                           1           0  0.18s           2024-03-14T02:11:16
================================================================================
[2024-03-14T02:11:49.361+0000] {manager.py:879} INFO - 
================================================================================
DAG File Processing Stats

File Path                          PID    Runtime      # DAGs    # Errors  Last Runtime    Last Run
---------------------------------  -----  ---------  --------  ----------  --------------  -------------------
/opt/airflow/dags/test_airflow.py                           1           0  0.17s           2024-03-14T02:11:46
================================================================================
[2024-03-14T02:12:19.638+0000] {manager.py:879} INFO - 
================================================================================
DAG File Processing Stats

File Path                          PID    Runtime      # DAGs    # Errors  Last Runtime    Last Run
---------------------------------  -----  ---------  --------  ----------  --------------  -------------------
/opt/airflow/dags/test_airflow.py                           1           0  0.29s           2024-03-14T02:12:16
================================================================================
[2024-03-14T02:12:49.954+0000] {manager.py:879} INFO - 
================================================================================
DAG File Processing Stats

File Path                          PID    Runtime      # DAGs    # Errors  Last Runtime    Last Run
---------------------------------  -----  ---------  --------  ----------  --------------  -------------------
/opt/airflow/dags/test_airflow.py                           1           0  0.28s           2024-03-14T02:12:47
================================================================================
[2024-03-14T02:13:20.355+0000] {manager.py:879} INFO - 
================================================================================
DAG File Processing Stats

File Path                          PID    Runtime      # DAGs    # Errors  Last Runtime    Last Run
---------------------------------  -----  ---------  --------  ----------  --------------  -------------------
/opt/airflow/dags/test_airflow.py                           1           0  0.23s           2024-03-14T02:13:17
================================================================================
[2024-03-14T02:13:50.746+0000] {manager.py:879} INFO - 
================================================================================
DAG File Processing Stats

File Path                          PID    Runtime      # DAGs    # Errors  Last Runtime    Last Run
---------------------------------  -----  ---------  --------  ----------  --------------  -------------------
/opt/airflow/dags/test_airflow.py                           1           0  0.19s           2024-03-14T02:13:47
================================================================================
[2024-03-14T02:14:21.065+0000] {manager.py:879} INFO - 
================================================================================
DAG File Processing Stats

File Path                          PID    Runtime      # DAGs    # Errors  Last Runtime    Last Run
---------------------------------  -----  ---------  --------  ----------  --------------  -------------------
/opt/airflow/dags/test_airflow.py                           1           0  0.16s           2024-03-14T02:14:18
================================================================================
[2024-03-14T02:14:51.347+0000] {manager.py:879} INFO - 
================================================================================
DAG File Processing Stats

File Path                          PID    Runtime      # DAGs    # Errors  Last Runtime    Last Run
---------------------------------  -----  ---------  --------  ----------  --------------  -------------------
/opt/airflow/dags/test_airflow.py                           1           0  0.17s           2024-03-14T02:14:48
================================================================================
[2024-03-14T02:15:21.538+0000] {manager.py:879} INFO - 
================================================================================
DAG File Processing Stats

File Path                          PID    Runtime      # DAGs    # Errors  Last Runtime    Last Run
---------------------------------  -----  ---------  --------  ----------  --------------  -------------------
/opt/airflow/dags/test_airflow.py                           1           0  0.16s           2024-03-14T02:15:18
================================================================================
[2024-03-14T02:15:34.735+0000] {manager.py:738} INFO - Searching for files in /opt/airflow/dags
[2024-03-14T02:15:34.738+0000] {manager.py:741} INFO - There are 1 files in /opt/airflow/dags
[2024-03-14T02:15:51.844+0000] {manager.py:879} INFO - 
================================================================================
DAG File Processing Stats

File Path                          PID    Runtime      # DAGs    # Errors  Last Runtime    Last Run
---------------------------------  -----  ---------  --------  ----------  --------------  -------------------
/opt/airflow/dags/test_airflow.py                           1           0  0.22s           2024-03-14T02:15:48
================================================================================
[2024-03-14T02:16:22.065+0000] {manager.py:879} INFO - 
================================================================================
DAG File Processing Stats

File Path                          PID    Runtime      # DAGs    # Errors  Last Runtime    Last Run
---------------------------------  -----  ---------  --------  ----------  --------------  -------------------
/opt/airflow/dags/test_airflow.py                           1           0  0.19s           2024-03-14T02:16:19
================================================================================
[2024-03-14T02:16:52.357+0000] {manager.py:879} INFO - 
================================================================================
DAG File Processing Stats

File Path                          PID    Runtime      # DAGs    # Errors  Last Runtime    Last Run
---------------------------------  -----  ---------  --------  ----------  --------------  -------------------
/opt/airflow/dags/test_airflow.py                           1           0  0.18s           2024-03-14T02:16:49
================================================================================
[2024-03-14T02:17:22.573+0000] {manager.py:879} INFO - 
================================================================================
DAG File Processing Stats

File Path                          PID    Runtime      # DAGs    # Errors  Last Runtime    Last Run
---------------------------------  -----  ---------  --------  ----------  --------------  -------------------
/opt/airflow/dags/test_airflow.py                           1           0  0.23s           2024-03-14T02:17:19
================================================================================
[2024-03-14T02:17:52.915+0000] {manager.py:879} INFO - 
================================================================================
DAG File Processing Stats

File Path                          PID    Runtime      # DAGs    # Errors  Last Runtime    Last Run
---------------------------------  -----  ---------  --------  ----------  --------------  -------------------
/opt/airflow/dags/test_airflow.py                           1           0  0.30s           2024-03-14T02:17:50
================================================================================
[2024-03-14T02:18:23.351+0000] {manager.py:879} INFO - 
================================================================================
DAG File Processing Stats

File Path                          PID    Runtime      # DAGs    # Errors  Last Runtime    Last Run
---------------------------------  -----  ---------  --------  ----------  --------------  -------------------
/opt/airflow/dags/test_airflow.py                           1           0  0.19s           2024-03-14T02:18:20
================================================================================
[2024-03-14T02:18:53.686+0000] {manager.py:879} INFO - 
================================================================================
DAG File Processing Stats

File Path                          PID    Runtime      # DAGs    # Errors  Last Runtime    Last Run
---------------------------------  -----  ---------  --------  ----------  --------------  -------------------
/opt/airflow/dags/test_airflow.py                           1           0  0.20s           2024-03-14T02:18:50
================================================================================
[2024-03-14T02:19:24.019+0000] {manager.py:879} INFO - 
================================================================================
DAG File Processing Stats

File Path                          PID    Runtime      # DAGs    # Errors  Last Runtime    Last Run
---------------------------------  -----  ---------  --------  ----------  --------------  -------------------
/opt/airflow/dags/test_airflow.py                           1           0  0.19s           2024-03-14T02:19:21
================================================================================
[2024-03-14T02:19:54.355+0000] {manager.py:879} INFO - 
================================================================================
DAG File Processing Stats

File Path                          PID    Runtime      # DAGs    # Errors  Last Runtime    Last Run
---------------------------------  -----  ---------  --------  ----------  --------------  -------------------
/opt/airflow/dags/test_airflow.py                           1           0  0.21s           2024-03-14T02:19:51
================================================================================
[2024-03-14T02:20:24.708+0000] {manager.py:879} INFO - 
================================================================================
DAG File Processing Stats

File Path                          PID    Runtime      # DAGs    # Errors  Last Runtime    Last Run
---------------------------------  -----  ---------  --------  ----------  --------------  -------------------
/opt/airflow/dags/test_airflow.py                           1           0  0.19s           2024-03-14T02:20:21
================================================================================
[2024-03-14T02:20:34.757+0000] {manager.py:738} INFO - Searching for files in /opt/airflow/dags
[2024-03-14T02:20:34.760+0000] {manager.py:741} INFO - There are 1 files in /opt/airflow/dags
[2024-03-14T02:20:55.035+0000] {manager.py:879} INFO - 
================================================================================
DAG File Processing Stats

File Path                          PID    Runtime      # DAGs    # Errors  Last Runtime    Last Run
---------------------------------  -----  ---------  --------  ----------  --------------  -------------------
/opt/airflow/dags/test_airflow.py                           1           0  0.21s           2024-03-14T02:20:52
================================================================================
[2024-03-14T02:21:25.270+0000] {manager.py:879} INFO - 
================================================================================
DAG File Processing Stats

File Path                          PID    Runtime      # DAGs    # Errors  Last Runtime    Last Run
---------------------------------  -----  ---------  --------  ----------  --------------  -------------------
/opt/airflow/dags/test_airflow.py                           1           0  0.28s           2024-03-14T02:21:22
================================================================================
[2024-03-14T02:21:55.639+0000] {manager.py:879} INFO - 
================================================================================
DAG File Processing Stats

File Path                          PID    Runtime      # DAGs    # Errors  Last Runtime    Last Run
---------------------------------  -----  ---------  --------  ----------  --------------  -------------------
/opt/airflow/dags/test_airflow.py                           1           0  0.22s           2024-03-14T02:21:52
================================================================================
[2024-03-14T02:22:26.009+0000] {manager.py:879} INFO - 
================================================================================
DAG File Processing Stats

File Path                          PID    Runtime      # DAGs    # Errors  Last Runtime    Last Run
---------------------------------  -----  ---------  --------  ----------  --------------  -------------------
/opt/airflow/dags/test_airflow.py                           1           0  0.29s           2024-03-14T02:22:23
================================================================================
[2024-03-14T02:22:56.442+0000] {manager.py:879} INFO - 
================================================================================
DAG File Processing Stats

File Path                          PID    Runtime      # DAGs    # Errors  Last Runtime    Last Run
---------------------------------  -----  ---------  --------  ----------  --------------  -------------------
/opt/airflow/dags/test_airflow.py                           1           0  0.19s           2024-03-14T02:22:53
================================================================================
[2024-03-14T02:23:26.763+0000] {manager.py:879} INFO - 
================================================================================
DAG File Processing Stats

File Path                          PID    Runtime      # DAGs    # Errors  Last Runtime    Last Run
---------------------------------  -----  ---------  --------  ----------  --------------  -------------------
/opt/airflow/dags/test_airflow.py                           1           0  0.16s           2024-03-14T02:23:23
================================================================================
[2024-03-14T02:23:57.056+0000] {manager.py:879} INFO - 
================================================================================
DAG File Processing Stats

File Path                          PID    Runtime      # DAGs    # Errors  Last Runtime    Last Run
---------------------------------  -----  ---------  --------  ----------  --------------  -------------------
/opt/airflow/dags/test_airflow.py                           1           0  0.19s           2024-03-14T02:23:54
================================================================================
[2024-03-14T02:24:27.245+0000] {manager.py:879} INFO - 
================================================================================
DAG File Processing Stats

File Path                          PID    Runtime      # DAGs    # Errors  Last Runtime    Last Run
---------------------------------  -----  ---------  --------  ----------  --------------  -------------------
/opt/airflow/dags/test_airflow.py                           1           0  0.19s           2024-03-14T02:24:24
================================================================================
[2024-03-14T02:24:57.553+0000] {manager.py:879} INFO - 
================================================================================
DAG File Processing Stats

File Path                          PID    Runtime      # DAGs    # Errors  Last Runtime    Last Run
---------------------------------  -----  ---------  --------  ----------  --------------  -------------------
/opt/airflow/dags/test_airflow.py                           1           0  0.22s           2024-03-14T02:24:54
================================================================================
[2024-03-14T02:25:27.923+0000] {manager.py:879} INFO - 
================================================================================
DAG File Processing Stats

File Path                          PID    Runtime      # DAGs    # Errors  Last Runtime    Last Run
---------------------------------  -----  ---------  --------  ----------  --------------  -------------------
/opt/airflow/dags/test_airflow.py                           1           0  0.18s           2024-03-14T02:25:25
================================================================================
[2024-03-14T02:25:34.958+0000] {manager.py:738} INFO - Searching for files in /opt/airflow/dags
[2024-03-14T02:25:34.961+0000] {manager.py:741} INFO - There are 1 files in /opt/airflow/dags
[2024-03-14T02:25:58.254+0000] {manager.py:879} INFO - 
================================================================================
DAG File Processing Stats

File Path                          PID    Runtime      # DAGs    # Errors  Last Runtime    Last Run
---------------------------------  -----  ---------  --------  ----------  --------------  -------------------
/opt/airflow/dags/test_airflow.py                           1           0  0.30s           2024-03-14T02:25:55
================================================================================
[2024-03-14T02:26:28.561+0000] {manager.py:879} INFO - 
================================================================================
DAG File Processing Stats

File Path                          PID    Runtime      # DAGs    # Errors  Last Runtime    Last Run
---------------------------------  -----  ---------  --------  ----------  --------------  -------------------
/opt/airflow/dags/test_airflow.py                           1           0  0.16s           2024-03-14T02:26:25
================================================================================
[2024-03-14T02:26:58.763+0000] {manager.py:879} INFO - 
================================================================================
DAG File Processing Stats

File Path                          PID    Runtime      # DAGs    # Errors  Last Runtime    Last Run
---------------------------------  -----  ---------  --------  ----------  --------------  -------------------
/opt/airflow/dags/test_airflow.py                           1           0  0.30s           2024-03-14T02:26:56
================================================================================
[2024-03-14T02:27:29.189+0000] {manager.py:879} INFO - 
================================================================================
DAG File Processing Stats

File Path                          PID    Runtime      # DAGs    # Errors  Last Runtime    Last Run
---------------------------------  -----  ---------  --------  ----------  --------------  -------------------
/opt/airflow/dags/test_airflow.py                           1           0  0.20s           2024-03-14T02:27:26
================================================================================
[2024-03-14T02:27:59.540+0000] {manager.py:879} INFO - 
================================================================================
DAG File Processing Stats

File Path                          PID    Runtime      # DAGs    # Errors  Last Runtime    Last Run
---------------------------------  -----  ---------  --------  ----------  --------------  -------------------
/opt/airflow/dags/test_airflow.py                           1           0  0.19s           2024-03-14T02:27:56
================================================================================
[2024-03-14T02:28:29.864+0000] {manager.py:879} INFO - 
================================================================================
DAG File Processing Stats

File Path                          PID    Runtime      # DAGs    # Errors  Last Runtime    Last Run
---------------------------------  -----  ---------  --------  ----------  --------------  -------------------
/opt/airflow/dags/test_airflow.py                           1           0  0.19s           2024-03-14T02:28:27
================================================================================
[2024-03-14T02:29:00.195+0000] {manager.py:879} INFO - 
================================================================================
DAG File Processing Stats

File Path                          PID    Runtime      # DAGs    # Errors  Last Runtime    Last Run
---------------------------------  -----  ---------  --------  ----------  --------------  -------------------
/opt/airflow/dags/test_airflow.py                           1           0  0.19s           2024-03-14T02:28:57
================================================================================
[2024-03-14T02:29:30.517+0000] {manager.py:879} INFO - 
================================================================================
DAG File Processing Stats

File Path                          PID    Runtime      # DAGs    # Errors  Last Runtime    Last Run
---------------------------------  -----  ---------  --------  ----------  --------------  -------------------
/opt/airflow/dags/test_airflow.py                           1           0  0.17s           2024-03-14T02:29:27
================================================================================
[2024-03-14T02:30:00.833+0000] {manager.py:879} INFO - 
================================================================================
DAG File Processing Stats

File Path                          PID    Runtime      # DAGs    # Errors  Last Runtime    Last Run
---------------------------------  -----  ---------  --------  ----------  --------------  -------------------
/opt/airflow/dags/test_airflow.py                           1           0  0.15s           2024-03-14T02:29:57
================================================================================
[2024-03-14T02:30:31.117+0000] {manager.py:879} INFO - 
================================================================================
DAG File Processing Stats

File Path                          PID    Runtime      # DAGs    # Errors  Last Runtime    Last Run
---------------------------------  -----  ---------  --------  ----------  --------------  -------------------
/opt/airflow/dags/test_airflow.py                           1           0  0.38s           2024-03-14T02:30:28
================================================================================
[2024-03-14T02:30:35.135+0000] {manager.py:738} INFO - Searching for files in /opt/airflow/dags
[2024-03-14T02:30:35.138+0000] {manager.py:741} INFO - There are 1 files in /opt/airflow/dags
[2024-03-14T02:31:01.530+0000] {manager.py:879} INFO - 
================================================================================
DAG File Processing Stats

File Path                          PID    Runtime      # DAGs    # Errors  Last Runtime    Last Run
---------------------------------  -----  ---------  --------  ----------  --------------  -------------------
/opt/airflow/dags/test_airflow.py                           1           0  0.19s           2024-03-14T02:30:58
================================================================================
[2024-03-14T02:31:31.863+0000] {manager.py:879} INFO - 
================================================================================
DAG File Processing Stats

File Path                          PID    Runtime      # DAGs    # Errors  Last Runtime    Last Run
---------------------------------  -----  ---------  --------  ----------  --------------  -------------------
/opt/airflow/dags/test_airflow.py                           1           0  0.30s           2024-03-14T02:31:29
================================================================================
[2024-03-14T02:32:02.311+0000] {manager.py:879} INFO - 
================================================================================
DAG File Processing Stats

File Path                          PID    Runtime      # DAGs    # Errors  Last Runtime    Last Run
---------------------------------  -----  ---------  --------  ----------  --------------  -------------------
/opt/airflow/dags/test_airflow.py                           1           0  0.16s           2024-03-14T02:31:59
================================================================================
[2024-03-14T02:32:32.611+0000] {manager.py:879} INFO - 
================================================================================
DAG File Processing Stats

File Path                          PID    Runtime      # DAGs    # Errors  Last Runtime    Last Run
---------------------------------  -----  ---------  --------  ----------  --------------  -------------------
/opt/airflow/dags/test_airflow.py                           1           0  0.21s           2024-03-14T02:32:29
================================================================================
[2024-03-14T02:33:02.843+0000] {manager.py:879} INFO - 
================================================================================
DAG File Processing Stats

File Path                          PID    Runtime      # DAGs    # Errors  Last Runtime    Last Run
---------------------------------  -----  ---------  --------  ----------  --------------  -------------------
/opt/airflow/dags/test_airflow.py                           1           0  0.16s           2024-03-14T02:32:59
================================================================================
[2024-03-14T02:33:33.106+0000] {manager.py:879} INFO - 
================================================================================
DAG File Processing Stats

File Path                          PID    Runtime      # DAGs    # Errors  Last Runtime    Last Run
---------------------------------  -----  ---------  --------  ----------  --------------  -------------------
/opt/airflow/dags/test_airflow.py                           1           0  0.21s           2024-03-14T02:33:30
================================================================================
[2024-03-14T02:34:03.394+0000] {manager.py:879} INFO - 
================================================================================
DAG File Processing Stats

File Path                          PID    Runtime      # DAGs    # Errors  Last Runtime    Last Run
---------------------------------  -----  ---------  --------  ----------  --------------  -------------------
/opt/airflow/dags/test_airflow.py                           1           0  0.17s           2024-03-14T02:34:00
================================================================================
[2024-03-14T02:34:33.630+0000] {manager.py:879} INFO - 
================================================================================
DAG File Processing Stats

File Path                          PID    Runtime      # DAGs    # Errors  Last Runtime    Last Run
---------------------------------  -----  ---------  --------  ----------  --------------  -------------------
/opt/airflow/dags/test_airflow.py                           1           0  0.27s           2024-03-14T02:34:30
================================================================================
[2024-03-14T02:35:04.003+0000] {manager.py:879} INFO - 
================================================================================
DAG File Processing Stats

File Path                          PID    Runtime      # DAGs    # Errors  Last Runtime    Last Run
---------------------------------  -----  ---------  --------  ----------  --------------  -------------------
/opt/airflow/dags/test_airflow.py                           1           0  0.20s           2024-03-14T02:35:01
================================================================================
[2024-03-14T02:35:34.348+0000] {manager.py:879} INFO - 
================================================================================
DAG File Processing Stats

File Path                          PID    Runtime      # DAGs    # Errors  Last Runtime    Last Run
---------------------------------  -----  ---------  --------  ----------  --------------  -------------------
/opt/airflow/dags/test_airflow.py                           1           0  0.22s           2024-03-14T02:35:31
================================================================================
[2024-03-14T02:35:35.353+0000] {manager.py:738} INFO - Searching for files in /opt/airflow/dags
[2024-03-14T02:35:35.355+0000] {manager.py:741} INFO - There are 1 files in /opt/airflow/dags
[2024-03-14T02:36:04.717+0000] {manager.py:879} INFO - 
================================================================================
DAG File Processing Stats

File Path                          PID    Runtime      # DAGs    # Errors  Last Runtime    Last Run
---------------------------------  -----  ---------  --------  ----------  --------------  -------------------
/opt/airflow/dags/test_airflow.py                           1           0  0.17s           2024-03-14T02:36:01
================================================================================
[2024-03-14T02:36:35.029+0000] {manager.py:879} INFO - 
================================================================================
DAG File Processing Stats

File Path                          PID    Runtime      # DAGs    # Errors  Last Runtime    Last Run
---------------------------------  -----  ---------  --------  ----------  --------------  -------------------
/opt/airflow/dags/test_airflow.py                           1           0  0.18s           2024-03-14T02:36:32
================================================================================
[2024-03-14T02:37:05.360+0000] {manager.py:879} INFO - 
================================================================================
DAG File Processing Stats

File Path                          PID    Runtime      # DAGs    # Errors  Last Runtime    Last Run
---------------------------------  -----  ---------  --------  ----------  --------------  -------------------
/opt/airflow/dags/test_airflow.py                           1           0  0.23s           2024-03-14T02:37:02
================================================================================
[2024-03-14T02:37:35.756+0000] {manager.py:879} INFO - 
================================================================================
DAG File Processing Stats

File Path                          PID    Runtime      # DAGs    # Errors  Last Runtime    Last Run
---------------------------------  -----  ---------  --------  ----------  --------------  -------------------
/opt/airflow/dags/test_airflow.py                           1           0  0.20s           2024-03-14T02:37:32
================================================================================
[2024-03-14T02:38:06.110+0000] {manager.py:879} INFO - 
================================================================================
DAG File Processing Stats

File Path                          PID    Runtime      # DAGs    # Errors  Last Runtime    Last Run
---------------------------------  -----  ---------  --------  ----------  --------------  -------------------
/opt/airflow/dags/test_airflow.py                           1           0  0.21s           2024-03-14T02:38:03
================================================================================
[2024-03-14T02:38:36.463+0000] {manager.py:879} INFO - 
================================================================================
DAG File Processing Stats

File Path                          PID    Runtime      # DAGs    # Errors  Last Runtime    Last Run
---------------------------------  -----  ---------  --------  ----------  --------------  -------------------
/opt/airflow/dags/test_airflow.py                           1           0  0.19s           2024-03-14T02:38:33
================================================================================
[2024-03-14T02:39:06.798+0000] {manager.py:879} INFO - 
================================================================================
DAG File Processing Stats

File Path                          PID    Runtime      # DAGs    # Errors  Last Runtime    Last Run
---------------------------------  -----  ---------  --------  ----------  --------------  -------------------
/opt/airflow/dags/test_airflow.py                           1           0  0.28s           2024-03-14T02:39:04
================================================================================
[2024-03-14T02:39:37.237+0000] {manager.py:879} INFO - 
================================================================================
DAG File Processing Stats

File Path                          PID    Runtime      # DAGs    # Errors  Last Runtime    Last Run
---------------------------------  -----  ---------  --------  ----------  --------------  -------------------
/opt/airflow/dags/test_airflow.py                           1           0  0.23s           2024-03-14T02:39:34
================================================================================
[2024-03-14T02:40:07.611+0000] {manager.py:879} INFO - 
================================================================================
DAG File Processing Stats

File Path                          PID    Runtime      # DAGs    # Errors  Last Runtime    Last Run
---------------------------------  -----  ---------  --------  ----------  --------------  -------------------
/opt/airflow/dags/test_airflow.py                           1           0  0.31s           2024-03-14T02:40:04
================================================================================
[2024-03-14T02:40:36.071+0000] {manager.py:738} INFO - Searching for files in /opt/airflow/dags
[2024-03-14T02:40:36.075+0000] {manager.py:741} INFO - There are 1 files in /opt/airflow/dags
[2024-03-14T02:40:38.120+0000] {manager.py:879} INFO - 
================================================================================
DAG File Processing Stats

File Path                          PID    Runtime      # DAGs    # Errors  Last Runtime    Last Run
---------------------------------  -----  ---------  --------  ----------  --------------  -------------------
/opt/airflow/dags/test_airflow.py                           1           0  0.19s           2024-03-14T02:40:35
================================================================================
[2024-03-14T02:41:08.406+0000] {manager.py:879} INFO - 
================================================================================
DAG File Processing Stats

File Path                          PID    Runtime      # DAGs    # Errors  Last Runtime    Last Run
---------------------------------  -----  ---------  --------  ----------  --------------  -------------------
/opt/airflow/dags/test_airflow.py                           1           0  0.20s           2024-03-14T02:41:05
================================================================================
[2024-03-14T02:41:38.627+0000] {manager.py:879} INFO - 
================================================================================
DAG File Processing Stats

File Path                          PID    Runtime      # DAGs    # Errors  Last Runtime    Last Run
---------------------------------  -----  ---------  --------  ----------  --------------  -------------------
/opt/airflow/dags/test_airflow.py                           1           0  0.18s           2024-03-14T02:41:35
================================================================================
[2024-03-14T02:42:08.902+0000] {manager.py:879} INFO - 
================================================================================
DAG File Processing Stats

File Path                          PID    Runtime      # DAGs    # Errors  Last Runtime    Last Run
---------------------------------  -----  ---------  --------  ----------  --------------  -------------------
/opt/airflow/dags/test_airflow.py                           1           0  0.25s           2024-03-14T02:42:06
================================================================================
