[2024-03-23T09:45:37.035+0000] {taskinstance.py:1979} INFO - Dependencies all met for dep_context=non-requeueable deps ti=<TaskInstance: source_to_gcs.get_result_state_abb_table manual__2024-03-23T09:35:29.981958+00:00 [queued]>
[2024-03-23T09:45:37.054+0000] {taskinstance.py:1979} INFO - Dependencies all met for dep_context=requeueable deps ti=<TaskInstance: source_to_gcs.get_result_state_abb_table manual__2024-03-23T09:35:29.981958+00:00 [queued]>
[2024-03-23T09:45:37.055+0000] {taskinstance.py:2193} INFO - Starting attempt 3 of 3
[2024-03-23T09:45:37.080+0000] {taskinstance.py:2217} INFO - Executing <Task(PythonOperator): get_result_state_abb_table> on 2024-03-23 09:35:29.981958+00:00
[2024-03-23T09:45:37.096+0000] {standard_task_runner.py:60} INFO - Started process 3790 to run task
[2024-03-23T09:45:37.106+0000] {standard_task_runner.py:87} INFO - Running: ['***', 'tasks', 'run', 'source_to_gcs', 'get_result_state_abb_table', 'manual__2024-03-23T09:35:29.981958+00:00', '--job-id', '297', '--raw', '--subdir', 'DAGS_FOLDER/sourcetobucket.py', '--cfg-path', '/tmp/tmpszflua27']
[2024-03-23T09:45:37.112+0000] {standard_task_runner.py:88} INFO - Job 297: Subtask get_result_state_abb_table
[2024-03-23T09:45:37.199+0000] {task_command.py:423} INFO - Running <TaskInstance: source_to_gcs.get_result_state_abb_table manual__2024-03-23T09:35:29.981958+00:00 [running]> on host ceb99a37e23c
[2024-03-23T09:45:37.353+0000] {taskinstance.py:2513} INFO - Exporting env vars: AIRFLOW_CTX_DAG_OWNER='***' AIRFLOW_CTX_DAG_ID='source_to_gcs' AIRFLOW_CTX_TASK_ID='get_result_state_abb_table' AIRFLOW_CTX_EXECUTION_DATE='2024-03-23T09:35:29.981958+00:00' AIRFLOW_CTX_TRY_NUMBER='3' AIRFLOW_CTX_DAG_RUN_ID='manual__2024-03-23T09:35:29.981958+00:00'
[2024-03-23T09:45:37.359+0000] {sql.py:785} INFO - Executing SQL check: SELECT COUNT(*) FROM used_car_analysis_dataset.state_abbrevation LIMIT 1
[2024-03-23T09:45:37.375+0000] {connection.py:269} WARNING - Connection schemes (type: google_cloud_platform) shall not contain '_' according to RFC3986.
[2024-03-23T09:45:37.378+0000] {base.py:83} INFO - Using connection ID 'gcp_***_conn' for task execution.
[2024-03-23T09:45:37.450+0000] {sql.py:457} INFO - Running statement: SELECT COUNT(*) FROM used_car_analysis_dataset.state_abbrevation LIMIT 1, parameters: None
[2024-03-23T09:45:37.452+0000] {bigquery.py:1613} INFO - Inserting job ***_1711187137451492_a30d9daa9e31333b4067c4522da6a377
[2024-03-23T09:45:38.586+0000] {warnings.py:109} WARNING - /home/***/.local/lib/python3.8/site-packages/***/providers/common/sql/hooks/sql.py:407: AirflowProviderDeprecationWarning: Call to deprecated method _make_common_data_structure. (The `_make_serializable` method is deprecated and support will be removed in a future version of the common.sql provider. Please update the DbApiHook's provider to a version based on common.sql >= 1.9.1.)
  result = self._make_common_data_structure(handler(cur))

[2024-03-23T09:45:38.589+0000] {sql.py:788} INFO - Record: [58]
[2024-03-23T09:45:38.590+0000] {sql.py:796} INFO - Success.
[2024-03-23T09:45:38.591+0000] {logging_mixin.py:188} INFO - None
[2024-03-23T09:45:38.591+0000] {python.py:202} INFO - Done. Returned value was: STATE_ABB_TABLE_not_found
[2024-03-23T09:45:38.642+0000] {taskinstance.py:1149} INFO - Marking task as SUCCESS. dag_id=source_to_gcs, task_id=get_result_state_abb_table, execution_date=20240323T093529, start_date=20240323T094537, end_date=20240323T094538
[2024-03-23T09:45:38.693+0000] {local_task_job_runner.py:234} INFO - Task exited with return code 0
[2024-03-23T09:45:38.743+0000] {taskinstance.py:3312} INFO - 1 downstream tasks scheduled from follow-on schedule check
