[2024-03-18T01:46:47.897+0000] {taskinstance.py:1979} INFO - Dependencies all met for dep_context=non-requeueable deps ti=<TaskInstance: source_to_gcs.check_file manual__2024-03-18T01:46:42.343327+00:00 [queued]>
[2024-03-18T01:46:47.915+0000] {taskinstance.py:1979} INFO - Dependencies all met for dep_context=requeueable deps ti=<TaskInstance: source_to_gcs.check_file manual__2024-03-18T01:46:42.343327+00:00 [queued]>
[2024-03-18T01:46:47.916+0000] {taskinstance.py:2193} INFO - Starting attempt 1 of 1
[2024-03-18T01:46:47.970+0000] {taskinstance.py:2217} INFO - Executing <Task(GCSObjectExistenceSensor): check_file> on 2024-03-18 01:46:42.343327+00:00
[2024-03-18T01:46:47.984+0000] {standard_task_runner.py:60} INFO - Started process 12898 to run task
[2024-03-18T01:46:47.998+0000] {standard_task_runner.py:87} INFO - Running: ['***', 'tasks', 'run', 'source_to_gcs', 'check_file', 'manual__2024-03-18T01:46:42.343327+00:00', '--job-id', '63', '--raw', '--subdir', 'DAGS_FOLDER/sourcetobucket.py', '--cfg-path', '/tmp/tmpirj7qzrw']
[2024-03-18T01:46:48.006+0000] {standard_task_runner.py:88} INFO - Job 63: Subtask check_file
[2024-03-18T01:46:48.108+0000] {task_command.py:423} INFO - Running <TaskInstance: source_to_gcs.check_file manual__2024-03-18T01:46:42.343327+00:00 [running]> on host 484fbc655ee6
[2024-03-18T01:46:48.287+0000] {taskinstance.py:2513} INFO - Exporting env vars: AIRFLOW_CTX_DAG_OWNER='***' AIRFLOW_CTX_DAG_ID='source_to_gcs' AIRFLOW_CTX_TASK_ID='check_file' AIRFLOW_CTX_EXECUTION_DATE='2024-03-18T01:46:42.343327+00:00' AIRFLOW_CTX_TRY_NUMBER='1' AIRFLOW_CTX_DAG_RUN_ID='manual__2024-03-18T01:46:42.343327+00:00'
[2024-03-18T01:46:48.291+0000] {gcs.py:98} INFO - Sensor checks existence of : used-car-price-analysis, data/raw/car_salsses.csv
[2024-03-18T01:46:48.312+0000] {connection.py:269} WARNING - Connection schemes (type: google_cloud_platform) shall not contain '_' according to RFC3986.
[2024-03-18T01:46:48.314+0000] {base.py:83} INFO - Using connection ID 'gcp_***_conn' for task execution.
[2024-03-18T01:47:48.678+0000] {gcs.py:98} INFO - Sensor checks existence of : used-car-price-analysis, data/raw/car_salsses.csv
[2024-03-18T01:47:48.698+0000] {connection.py:269} WARNING - Connection schemes (type: google_cloud_platform) shall not contain '_' according to RFC3986.
[2024-03-18T01:47:48.700+0000] {base.py:83} INFO - Using connection ID 'gcp_***_conn' for task execution.
[2024-03-18T01:48:49.076+0000] {gcs.py:98} INFO - Sensor checks existence of : used-car-price-analysis, data/raw/car_salsses.csv
[2024-03-18T01:48:49.095+0000] {connection.py:269} WARNING - Connection schemes (type: google_cloud_platform) shall not contain '_' according to RFC3986.
[2024-03-18T01:48:49.098+0000] {base.py:83} INFO - Using connection ID 'gcp_***_conn' for task execution.
[2024-03-18T01:49:49.357+0000] {gcs.py:98} INFO - Sensor checks existence of : used-car-price-analysis, data/raw/car_salsses.csv
[2024-03-18T01:49:49.370+0000] {connection.py:269} WARNING - Connection schemes (type: google_cloud_platform) shall not contain '_' according to RFC3986.
[2024-03-18T01:49:49.372+0000] {base.py:83} INFO - Using connection ID 'gcp_***_conn' for task execution.
[2024-03-18T01:50:49.651+0000] {gcs.py:98} INFO - Sensor checks existence of : used-car-price-analysis, data/raw/car_salsses.csv
[2024-03-18T01:50:49.675+0000] {connection.py:269} WARNING - Connection schemes (type: google_cloud_platform) shall not contain '_' according to RFC3986.
[2024-03-18T01:50:49.677+0000] {base.py:83} INFO - Using connection ID 'gcp_***_conn' for task execution.
[2024-03-18T01:51:49.958+0000] {gcs.py:98} INFO - Sensor checks existence of : used-car-price-analysis, data/raw/car_salsses.csv
[2024-03-18T01:51:49.978+0000] {connection.py:269} WARNING - Connection schemes (type: google_cloud_platform) shall not contain '_' according to RFC3986.
[2024-03-18T01:51:49.980+0000] {base.py:83} INFO - Using connection ID 'gcp_***_conn' for task execution.
[2024-03-18T01:52:50.422+0000] {gcs.py:98} INFO - Sensor checks existence of : used-car-price-analysis, data/raw/car_salsses.csv
[2024-03-18T01:52:50.434+0000] {connection.py:269} WARNING - Connection schemes (type: google_cloud_platform) shall not contain '_' according to RFC3986.
[2024-03-18T01:52:50.437+0000] {base.py:83} INFO - Using connection ID 'gcp_***_conn' for task execution.
[2024-03-18T01:53:12.423+0000] {local_task_job_runner.py:302} WARNING - State of this instance has been externally set to failed. Terminating instance.
[2024-03-18T01:53:12.429+0000] {process_utils.py:131} INFO - Sending 15 to group 12898. PIDs of all processes in the group: [12898]
[2024-03-18T01:53:12.434+0000] {process_utils.py:86} INFO - Sending the signal 15 to group 12898
[2024-03-18T01:53:12.435+0000] {taskinstance.py:2483} ERROR - Received SIGTERM. Terminating subprocesses.
[2024-03-18T01:53:12.501+0000] {process_utils.py:79} INFO - Process psutil.Process(pid=12898, status='terminated', exitcode=0, started='01:46:47') (12898) terminated with exit code 0
