[2024-03-18T01:57:22.953+0000] {taskinstance.py:1979} INFO - Dependencies all met for dep_context=non-requeueable deps ti=<TaskInstance: source_to_gcs.check_file manual__2024-03-18T01:46:42.343327+00:00 [queued]>
[2024-03-18T01:57:22.972+0000] {taskinstance.py:1979} INFO - Dependencies all met for dep_context=requeueable deps ti=<TaskInstance: source_to_gcs.check_file manual__2024-03-18T01:46:42.343327+00:00 [queued]>
[2024-03-18T01:57:22.973+0000] {taskinstance.py:2193} INFO - Starting attempt 2 of 2
[2024-03-18T01:57:23.008+0000] {taskinstance.py:2217} INFO - Executing <Task(GCSObjectExistenceSensor): check_file> on 2024-03-18 01:46:42.343327+00:00
[2024-03-18T01:57:23.021+0000] {standard_task_runner.py:60} INFO - Started process 13050 to run task
[2024-03-18T01:57:23.036+0000] {standard_task_runner.py:87} INFO - Running: ['***', 'tasks', 'run', 'source_to_gcs', 'check_file', 'manual__2024-03-18T01:46:42.343327+00:00', '--job-id', '66', '--raw', '--subdir', 'DAGS_FOLDER/sourcetobucket.py', '--cfg-path', '/tmp/tmp2l5icog0']
[2024-03-18T01:57:23.046+0000] {standard_task_runner.py:88} INFO - Job 66: Subtask check_file
[2024-03-18T01:57:23.295+0000] {task_command.py:423} INFO - Running <TaskInstance: source_to_gcs.check_file manual__2024-03-18T01:46:42.343327+00:00 [running]> on host 484fbc655ee6
[2024-03-18T01:57:23.896+0000] {taskinstance.py:2513} INFO - Exporting env vars: AIRFLOW_CTX_DAG_OWNER='***' AIRFLOW_CTX_DAG_ID='source_to_gcs' AIRFLOW_CTX_TASK_ID='check_file' AIRFLOW_CTX_EXECUTION_DATE='2024-03-18T01:46:42.343327+00:00' AIRFLOW_CTX_TRY_NUMBER='2' AIRFLOW_CTX_DAG_RUN_ID='manual__2024-03-18T01:46:42.343327+00:00'
[2024-03-18T01:57:23.912+0000] {gcs.py:98} INFO - Sensor checks existence of : used-car-price-analysis, data/raw/car_salsses.csv
[2024-03-18T01:57:24.116+0000] {connection.py:269} WARNING - Connection schemes (type: google_cloud_platform) shall not contain '_' according to RFC3986.
[2024-03-18T01:57:24.180+0000] {base.py:83} INFO - Using connection ID 'gcp_***_conn' for task execution.
[2024-03-18T01:57:30.122+0000] {gcs.py:98} INFO - Sensor checks existence of : used-car-price-analysis, data/raw/car_salsses.csv
[2024-03-18T01:57:30.134+0000] {connection.py:269} WARNING - Connection schemes (type: google_cloud_platform) shall not contain '_' according to RFC3986.
[2024-03-18T01:57:30.136+0000] {base.py:83} INFO - Using connection ID 'gcp_***_conn' for task execution.
[2024-03-18T01:57:35.366+0000] {gcs.py:98} INFO - Sensor checks existence of : used-car-price-analysis, data/raw/car_salsses.csv
[2024-03-18T01:57:35.392+0000] {connection.py:269} WARNING - Connection schemes (type: google_cloud_platform) shall not contain '_' according to RFC3986.
[2024-03-18T01:57:35.394+0000] {base.py:83} INFO - Using connection ID 'gcp_***_conn' for task execution.
[2024-03-18T01:57:40.790+0000] {gcs.py:98} INFO - Sensor checks existence of : used-car-price-analysis, data/raw/car_salsses.csv
[2024-03-18T01:57:40.803+0000] {connection.py:269} WARNING - Connection schemes (type: google_cloud_platform) shall not contain '_' according to RFC3986.
[2024-03-18T01:57:40.805+0000] {base.py:83} INFO - Using connection ID 'gcp_***_conn' for task execution.
[2024-03-18T01:57:46.100+0000] {gcs.py:98} INFO - Sensor checks existence of : used-car-price-analysis, data/raw/car_salsses.csv
[2024-03-18T01:57:46.112+0000] {connection.py:269} WARNING - Connection schemes (type: google_cloud_platform) shall not contain '_' according to RFC3986.
[2024-03-18T01:57:46.114+0000] {base.py:83} INFO - Using connection ID 'gcp_***_conn' for task execution.
[2024-03-18T01:57:51.350+0000] {gcs.py:98} INFO - Sensor checks existence of : used-car-price-analysis, data/raw/car_salsses.csv
[2024-03-18T01:57:51.371+0000] {connection.py:269} WARNING - Connection schemes (type: google_cloud_platform) shall not contain '_' according to RFC3986.
[2024-03-18T01:57:51.372+0000] {base.py:83} INFO - Using connection ID 'gcp_***_conn' for task execution.
[2024-03-18T01:57:56.624+0000] {gcs.py:98} INFO - Sensor checks existence of : used-car-price-analysis, data/raw/car_salsses.csv
[2024-03-18T01:57:56.642+0000] {connection.py:269} WARNING - Connection schemes (type: google_cloud_platform) shall not contain '_' according to RFC3986.
[2024-03-18T01:57:56.644+0000] {base.py:83} INFO - Using connection ID 'gcp_***_conn' for task execution.
[2024-03-18T01:58:01.931+0000] {gcs.py:98} INFO - Sensor checks existence of : used-car-price-analysis, data/raw/car_salsses.csv
[2024-03-18T01:58:01.942+0000] {connection.py:269} WARNING - Connection schemes (type: google_cloud_platform) shall not contain '_' according to RFC3986.
[2024-03-18T01:58:01.944+0000] {base.py:83} INFO - Using connection ID 'gcp_***_conn' for task execution.
[2024-03-18T01:58:07.158+0000] {gcs.py:98} INFO - Sensor checks existence of : used-car-price-analysis, data/raw/car_salsses.csv
[2024-03-18T01:58:07.170+0000] {connection.py:269} WARNING - Connection schemes (type: google_cloud_platform) shall not contain '_' according to RFC3986.
[2024-03-18T01:58:07.173+0000] {base.py:83} INFO - Using connection ID 'gcp_***_conn' for task execution.
[2024-03-18T01:58:12.558+0000] {gcs.py:98} INFO - Sensor checks existence of : used-car-price-analysis, data/raw/car_salsses.csv
[2024-03-18T01:58:12.569+0000] {connection.py:269} WARNING - Connection schemes (type: google_cloud_platform) shall not contain '_' according to RFC3986.
[2024-03-18T01:58:12.570+0000] {base.py:83} INFO - Using connection ID 'gcp_***_conn' for task execution.
[2024-03-18T01:58:17.776+0000] {gcs.py:98} INFO - Sensor checks existence of : used-car-price-analysis, data/raw/car_salsses.csv
[2024-03-18T01:58:17.798+0000] {connection.py:269} WARNING - Connection schemes (type: google_cloud_platform) shall not contain '_' according to RFC3986.
[2024-03-18T01:58:17.800+0000] {base.py:83} INFO - Using connection ID 'gcp_***_conn' for task execution.
[2024-03-18T01:58:23.002+0000] {gcs.py:98} INFO - Sensor checks existence of : used-car-price-analysis, data/raw/car_salsses.csv
[2024-03-18T01:58:23.017+0000] {connection.py:269} WARNING - Connection schemes (type: google_cloud_platform) shall not contain '_' according to RFC3986.
[2024-03-18T01:58:23.018+0000] {base.py:83} INFO - Using connection ID 'gcp_***_conn' for task execution.
[2024-03-18T01:58:28.235+0000] {gcs.py:98} INFO - Sensor checks existence of : used-car-price-analysis, data/raw/car_salsses.csv
[2024-03-18T01:58:28.247+0000] {connection.py:269} WARNING - Connection schemes (type: google_cloud_platform) shall not contain '_' according to RFC3986.
[2024-03-18T01:58:28.249+0000] {base.py:83} INFO - Using connection ID 'gcp_***_conn' for task execution.
[2024-03-18T01:58:33.454+0000] {gcs.py:98} INFO - Sensor checks existence of : used-car-price-analysis, data/raw/car_salsses.csv
[2024-03-18T01:58:33.477+0000] {connection.py:269} WARNING - Connection schemes (type: google_cloud_platform) shall not contain '_' according to RFC3986.
[2024-03-18T01:58:33.484+0000] {base.py:83} INFO - Using connection ID 'gcp_***_conn' for task execution.
[2024-03-18T01:58:38.942+0000] {gcs.py:98} INFO - Sensor checks existence of : used-car-price-analysis, data/raw/car_salsses.csv
[2024-03-18T01:58:38.954+0000] {connection.py:269} WARNING - Connection schemes (type: google_cloud_platform) shall not contain '_' according to RFC3986.
[2024-03-18T01:58:38.957+0000] {base.py:83} INFO - Using connection ID 'gcp_***_conn' for task execution.
[2024-03-18T01:58:44.166+0000] {gcs.py:98} INFO - Sensor checks existence of : used-car-price-analysis, data/raw/car_salsses.csv
[2024-03-18T01:58:44.326+0000] {connection.py:269} WARNING - Connection schemes (type: google_cloud_platform) shall not contain '_' according to RFC3986.
[2024-03-18T01:58:44.328+0000] {base.py:83} INFO - Using connection ID 'gcp_***_conn' for task execution.
[2024-03-18T01:58:49.831+0000] {gcs.py:98} INFO - Sensor checks existence of : used-car-price-analysis, data/raw/car_salsses.csv
[2024-03-18T01:58:49.843+0000] {connection.py:269} WARNING - Connection schemes (type: google_cloud_platform) shall not contain '_' according to RFC3986.
[2024-03-18T01:58:49.845+0000] {base.py:83} INFO - Using connection ID 'gcp_***_conn' for task execution.
[2024-03-18T01:58:55.055+0000] {gcs.py:98} INFO - Sensor checks existence of : used-car-price-analysis, data/raw/car_salsses.csv
[2024-03-18T01:58:55.067+0000] {connection.py:269} WARNING - Connection schemes (type: google_cloud_platform) shall not contain '_' according to RFC3986.
[2024-03-18T01:58:55.069+0000] {base.py:83} INFO - Using connection ID 'gcp_***_conn' for task execution.
[2024-03-18T01:59:00.274+0000] {gcs.py:98} INFO - Sensor checks existence of : used-car-price-analysis, data/raw/car_salsses.csv
[2024-03-18T01:59:00.286+0000] {connection.py:269} WARNING - Connection schemes (type: google_cloud_platform) shall not contain '_' according to RFC3986.
[2024-03-18T01:59:00.288+0000] {base.py:83} INFO - Using connection ID 'gcp_***_conn' for task execution.
[2024-03-18T01:59:05.538+0000] {gcs.py:98} INFO - Sensor checks existence of : used-car-price-analysis, data/raw/car_salsses.csv
[2024-03-18T01:59:05.562+0000] {connection.py:269} WARNING - Connection schemes (type: google_cloud_platform) shall not contain '_' according to RFC3986.
[2024-03-18T01:59:05.564+0000] {base.py:83} INFO - Using connection ID 'gcp_***_conn' for task execution.
[2024-03-18T01:59:10.798+0000] {gcs.py:98} INFO - Sensor checks existence of : used-car-price-analysis, data/raw/car_salsses.csv
[2024-03-18T01:59:10.816+0000] {connection.py:269} WARNING - Connection schemes (type: google_cloud_platform) shall not contain '_' according to RFC3986.
[2024-03-18T01:59:10.818+0000] {base.py:83} INFO - Using connection ID 'gcp_***_conn' for task execution.
[2024-03-18T01:59:16.034+0000] {gcs.py:98} INFO - Sensor checks existence of : used-car-price-analysis, data/raw/car_salsses.csv
[2024-03-18T01:59:16.050+0000] {connection.py:269} WARNING - Connection schemes (type: google_cloud_platform) shall not contain '_' according to RFC3986.
[2024-03-18T01:59:16.052+0000] {base.py:83} INFO - Using connection ID 'gcp_***_conn' for task execution.
[2024-03-18T01:59:21.466+0000] {gcs.py:98} INFO - Sensor checks existence of : used-car-price-analysis, data/raw/car_salsses.csv
[2024-03-18T01:59:21.484+0000] {connection.py:269} WARNING - Connection schemes (type: google_cloud_platform) shall not contain '_' according to RFC3986.
[2024-03-18T01:59:21.487+0000] {base.py:83} INFO - Using connection ID 'gcp_***_conn' for task execution.
[2024-03-18T01:59:26.714+0000] {gcs.py:98} INFO - Sensor checks existence of : used-car-price-analysis, data/raw/car_salsses.csv
[2024-03-18T01:59:26.730+0000] {connection.py:269} WARNING - Connection schemes (type: google_cloud_platform) shall not contain '_' according to RFC3986.
[2024-03-18T01:59:26.732+0000] {base.py:83} INFO - Using connection ID 'gcp_***_conn' for task execution.
[2024-03-18T01:59:31.961+0000] {gcs.py:98} INFO - Sensor checks existence of : used-car-price-analysis, data/raw/car_salsses.csv
[2024-03-18T01:59:31.975+0000] {connection.py:269} WARNING - Connection schemes (type: google_cloud_platform) shall not contain '_' according to RFC3986.
[2024-03-18T01:59:31.978+0000] {base.py:83} INFO - Using connection ID 'gcp_***_conn' for task execution.
[2024-03-18T01:59:37.222+0000] {gcs.py:98} INFO - Sensor checks existence of : used-car-price-analysis, data/raw/car_salsses.csv
[2024-03-18T01:59:37.247+0000] {connection.py:269} WARNING - Connection schemes (type: google_cloud_platform) shall not contain '_' according to RFC3986.
[2024-03-18T01:59:37.252+0000] {base.py:83} INFO - Using connection ID 'gcp_***_conn' for task execution.
[2024-03-18T01:59:42.542+0000] {gcs.py:98} INFO - Sensor checks existence of : used-car-price-analysis, data/raw/car_salsses.csv
[2024-03-18T01:59:42.562+0000] {connection.py:269} WARNING - Connection schemes (type: google_cloud_platform) shall not contain '_' according to RFC3986.
[2024-03-18T01:59:42.569+0000] {base.py:83} INFO - Using connection ID 'gcp_***_conn' for task execution.
[2024-03-18T01:59:48.338+0000] {gcs.py:98} INFO - Sensor checks existence of : used-car-price-analysis, data/raw/car_salsses.csv
[2024-03-18T01:59:48.357+0000] {connection.py:269} WARNING - Connection schemes (type: google_cloud_platform) shall not contain '_' according to RFC3986.
[2024-03-18T01:59:48.358+0000] {base.py:83} INFO - Using connection ID 'gcp_***_conn' for task execution.
[2024-03-18T01:59:53.675+0000] {gcs.py:98} INFO - Sensor checks existence of : used-car-price-analysis, data/raw/car_salsses.csv
[2024-03-18T01:59:53.689+0000] {connection.py:269} WARNING - Connection schemes (type: google_cloud_platform) shall not contain '_' according to RFC3986.
[2024-03-18T01:59:53.691+0000] {base.py:83} INFO - Using connection ID 'gcp_***_conn' for task execution.
[2024-03-18T01:59:59.012+0000] {gcs.py:98} INFO - Sensor checks existence of : used-car-price-analysis, data/raw/car_salsses.csv
[2024-03-18T01:59:59.026+0000] {connection.py:269} WARNING - Connection schemes (type: google_cloud_platform) shall not contain '_' according to RFC3986.
[2024-03-18T01:59:59.027+0000] {base.py:83} INFO - Using connection ID 'gcp_***_conn' for task execution.
[2024-03-18T02:00:04.358+0000] {gcs.py:98} INFO - Sensor checks existence of : used-car-price-analysis, data/raw/car_salsses.csv
[2024-03-18T02:00:04.385+0000] {connection.py:269} WARNING - Connection schemes (type: google_cloud_platform) shall not contain '_' according to RFC3986.
[2024-03-18T02:00:04.390+0000] {base.py:83} INFO - Using connection ID 'gcp_***_conn' for task execution.
[2024-03-18T02:00:09.714+0000] {gcs.py:98} INFO - Sensor checks existence of : used-car-price-analysis, data/raw/car_salsses.csv
[2024-03-18T02:00:09.728+0000] {connection.py:269} WARNING - Connection schemes (type: google_cloud_platform) shall not contain '_' according to RFC3986.
[2024-03-18T02:00:09.729+0000] {base.py:83} INFO - Using connection ID 'gcp_***_conn' for task execution.
[2024-03-18T02:00:15.074+0000] {gcs.py:98} INFO - Sensor checks existence of : used-car-price-analysis, data/raw/car_salsses.csv
[2024-03-18T02:00:15.116+0000] {connection.py:269} WARNING - Connection schemes (type: google_cloud_platform) shall not contain '_' according to RFC3986.
[2024-03-18T02:00:15.118+0000] {base.py:83} INFO - Using connection ID 'gcp_***_conn' for task execution.
[2024-03-18T02:00:20.458+0000] {gcs.py:98} INFO - Sensor checks existence of : used-car-price-analysis, data/raw/car_salsses.csv
[2024-03-18T02:00:20.513+0000] {connection.py:269} WARNING - Connection schemes (type: google_cloud_platform) shall not contain '_' according to RFC3986.
[2024-03-18T02:00:20.514+0000] {base.py:83} INFO - Using connection ID 'gcp_***_conn' for task execution.
[2024-03-18T02:00:25.981+0000] {gcs.py:98} INFO - Sensor checks existence of : used-car-price-analysis, data/raw/car_salsses.csv
[2024-03-18T02:00:25.996+0000] {connection.py:269} WARNING - Connection schemes (type: google_cloud_platform) shall not contain '_' according to RFC3986.
[2024-03-18T02:00:25.997+0000] {base.py:83} INFO - Using connection ID 'gcp_***_conn' for task execution.
[2024-03-18T02:00:31.461+0000] {gcs.py:98} INFO - Sensor checks existence of : used-car-price-analysis, data/raw/car_salsses.csv
[2024-03-18T02:00:31.483+0000] {connection.py:269} WARNING - Connection schemes (type: google_cloud_platform) shall not contain '_' according to RFC3986.
[2024-03-18T02:00:31.485+0000] {base.py:83} INFO - Using connection ID 'gcp_***_conn' for task execution.
[2024-03-18T02:00:36.774+0000] {gcs.py:98} INFO - Sensor checks existence of : used-car-price-analysis, data/raw/car_salsses.csv
[2024-03-18T02:00:36.785+0000] {connection.py:269} WARNING - Connection schemes (type: google_cloud_platform) shall not contain '_' according to RFC3986.
[2024-03-18T02:00:36.787+0000] {base.py:83} INFO - Using connection ID 'gcp_***_conn' for task execution.
[2024-03-18T02:00:42.158+0000] {gcs.py:98} INFO - Sensor checks existence of : used-car-price-analysis, data/raw/car_salsses.csv
[2024-03-18T02:00:42.170+0000] {connection.py:269} WARNING - Connection schemes (type: google_cloud_platform) shall not contain '_' according to RFC3986.
[2024-03-18T02:00:42.172+0000] {base.py:83} INFO - Using connection ID 'gcp_***_conn' for task execution.
[2024-03-18T02:00:47.489+0000] {gcs.py:98} INFO - Sensor checks existence of : used-car-price-analysis, data/raw/car_salsses.csv
[2024-03-18T02:00:47.501+0000] {connection.py:269} WARNING - Connection schemes (type: google_cloud_platform) shall not contain '_' according to RFC3986.
[2024-03-18T02:00:47.503+0000] {base.py:83} INFO - Using connection ID 'gcp_***_conn' for task execution.
[2024-03-18T02:00:52.838+0000] {gcs.py:98} INFO - Sensor checks existence of : used-car-price-analysis, data/raw/car_salsses.csv
[2024-03-18T02:00:52.852+0000] {connection.py:269} WARNING - Connection schemes (type: google_cloud_platform) shall not contain '_' according to RFC3986.
[2024-03-18T02:00:52.854+0000] {base.py:83} INFO - Using connection ID 'gcp_***_conn' for task execution.
[2024-03-18T02:00:58.347+0000] {gcs.py:98} INFO - Sensor checks existence of : used-car-price-analysis, data/raw/car_salsses.csv
[2024-03-18T02:00:58.369+0000] {connection.py:269} WARNING - Connection schemes (type: google_cloud_platform) shall not contain '_' according to RFC3986.
[2024-03-18T02:00:58.371+0000] {base.py:83} INFO - Using connection ID 'gcp_***_conn' for task execution.
[2024-03-18T02:01:03.826+0000] {gcs.py:98} INFO - Sensor checks existence of : used-car-price-analysis, data/raw/car_salsses.csv
[2024-03-18T02:01:03.837+0000] {connection.py:269} WARNING - Connection schemes (type: google_cloud_platform) shall not contain '_' according to RFC3986.
[2024-03-18T02:01:03.839+0000] {base.py:83} INFO - Using connection ID 'gcp_***_conn' for task execution.
[2024-03-18T02:01:09.190+0000] {gcs.py:98} INFO - Sensor checks existence of : used-car-price-analysis, data/raw/car_salsses.csv
[2024-03-18T02:01:09.219+0000] {connection.py:269} WARNING - Connection schemes (type: google_cloud_platform) shall not contain '_' according to RFC3986.
[2024-03-18T02:01:09.221+0000] {base.py:83} INFO - Using connection ID 'gcp_***_conn' for task execution.
[2024-03-18T02:01:14.850+0000] {gcs.py:98} INFO - Sensor checks existence of : used-car-price-analysis, data/raw/car_salsses.csv
[2024-03-18T02:01:14.861+0000] {connection.py:269} WARNING - Connection schemes (type: google_cloud_platform) shall not contain '_' according to RFC3986.
[2024-03-18T02:01:14.863+0000] {base.py:83} INFO - Using connection ID 'gcp_***_conn' for task execution.
[2024-03-18T02:01:20.094+0000] {gcs.py:98} INFO - Sensor checks existence of : used-car-price-analysis, data/raw/car_salsses.csv
[2024-03-18T02:01:20.104+0000] {connection.py:269} WARNING - Connection schemes (type: google_cloud_platform) shall not contain '_' according to RFC3986.
[2024-03-18T02:01:20.106+0000] {base.py:83} INFO - Using connection ID 'gcp_***_conn' for task execution.
[2024-03-18T02:01:25.338+0000] {gcs.py:98} INFO - Sensor checks existence of : used-car-price-analysis, data/raw/car_salsses.csv
[2024-03-18T02:01:25.525+0000] {connection.py:269} WARNING - Connection schemes (type: google_cloud_platform) shall not contain '_' according to RFC3986.
[2024-03-18T02:01:25.526+0000] {base.py:83} INFO - Using connection ID 'gcp_***_conn' for task execution.
[2024-03-18T02:01:31.086+0000] {gcs.py:98} INFO - Sensor checks existence of : used-car-price-analysis, data/raw/car_salsses.csv
[2024-03-18T02:01:31.103+0000] {connection.py:269} WARNING - Connection schemes (type: google_cloud_platform) shall not contain '_' according to RFC3986.
[2024-03-18T02:01:31.106+0000] {base.py:83} INFO - Using connection ID 'gcp_***_conn' for task execution.
[2024-03-18T02:01:36.862+0000] {gcs.py:98} INFO - Sensor checks existence of : used-car-price-analysis, data/raw/car_salsses.csv
[2024-03-18T02:01:36.881+0000] {connection.py:269} WARNING - Connection schemes (type: google_cloud_platform) shall not contain '_' according to RFC3986.
[2024-03-18T02:01:36.890+0000] {base.py:83} INFO - Using connection ID 'gcp_***_conn' for task execution.
[2024-03-18T02:01:42.374+0000] {gcs.py:98} INFO - Sensor checks existence of : used-car-price-analysis, data/raw/car_salsses.csv
[2024-03-18T02:01:42.388+0000] {connection.py:269} WARNING - Connection schemes (type: google_cloud_platform) shall not contain '_' according to RFC3986.
[2024-03-18T02:01:42.390+0000] {base.py:83} INFO - Using connection ID 'gcp_***_conn' for task execution.
[2024-03-18T02:01:47.666+0000] {gcs.py:98} INFO - Sensor checks existence of : used-car-price-analysis, data/raw/car_salsses.csv
[2024-03-18T02:01:47.686+0000] {connection.py:269} WARNING - Connection schemes (type: google_cloud_platform) shall not contain '_' according to RFC3986.
[2024-03-18T02:01:47.688+0000] {base.py:83} INFO - Using connection ID 'gcp_***_conn' for task execution.
[2024-03-18T02:01:53.050+0000] {gcs.py:98} INFO - Sensor checks existence of : used-car-price-analysis, data/raw/car_salsses.csv
[2024-03-18T02:01:53.077+0000] {connection.py:269} WARNING - Connection schemes (type: google_cloud_platform) shall not contain '_' according to RFC3986.
[2024-03-18T02:01:53.080+0000] {base.py:83} INFO - Using connection ID 'gcp_***_conn' for task execution.
[2024-03-18T02:01:55.695+0000] {local_task_job_runner.py:302} WARNING - State of this instance has been externally set to restarting. Terminating instance.
[2024-03-18T02:01:55.699+0000] {process_utils.py:131} INFO - Sending 15 to group 13050. PIDs of all processes in the group: [13050]
[2024-03-18T02:01:55.700+0000] {process_utils.py:86} INFO - Sending the signal 15 to group 13050
[2024-03-18T02:01:55.702+0000] {taskinstance.py:2483} ERROR - Received SIGTERM. Terminating subprocesses.
[2024-03-18T02:01:55.716+0000] {taskinstance.py:2731} ERROR - Task failed with exception
Traceback (most recent call last):
  File "/home/airflow/.local/lib/python3.8/site-packages/airflow/models/taskinstance.py", line 444, in _execute_task
    result = _execute_callable(context=context, **execute_callable_kwargs)
  File "/home/airflow/.local/lib/python3.8/site-packages/airflow/models/taskinstance.py", line 414, in _execute_callable
    return execute_callable(context=context, **execute_callable_kwargs)
  File "/home/airflow/.local/lib/python3.8/site-packages/airflow/providers/google/cloud/sensors/gcs.py", line 112, in execute
    super().execute(context)
  File "/home/airflow/.local/lib/python3.8/site-packages/airflow/sensors/base.py", line 293, in execute
    time.sleep(self._get_next_poke_interval(started_at, run_duration, try_number))
  File "/home/airflow/.local/lib/python3.8/site-packages/airflow/models/taskinstance.py", line 2485, in signal_handler
    raise AirflowException("Task received SIGTERM signal")
airflow.exceptions.AirflowException: Task received SIGTERM signal
[2024-03-18T02:01:55.721+0000] {taskinstance.py:1149} INFO - Marking task as UP_FOR_RETRY. dag_id=source_to_gcs, task_id=check_file, execution_date=20240318T014642, start_date=20240318T015722, end_date=20240318T020155
[2024-03-18T02:01:55.739+0000] {standard_task_runner.py:107} ERROR - Failed to execute job 66 for task check_file (Task received SIGTERM signal; 13050)
[2024-03-18T02:01:55.795+0000] {process_utils.py:79} INFO - Process psutil.Process(pid=13050, status='terminated', exitcode=1, started='01:57:22') (13050) terminated with exit code 1
