[2024-03-23T07:48:57.359+0000] {taskinstance.py:1979} INFO - Dependencies all met for dep_context=non-requeueable deps ti=<TaskInstance: source_to_gcs.get_result_car_price_table manual__2024-03-23T07:37:16.842276+00:00 [queued]>
[2024-03-23T07:48:57.383+0000] {taskinstance.py:1979} INFO - Dependencies all met for dep_context=requeueable deps ti=<TaskInstance: source_to_gcs.get_result_car_price_table manual__2024-03-23T07:37:16.842276+00:00 [queued]>
[2024-03-23T07:48:57.384+0000] {taskinstance.py:2193} INFO - Starting attempt 2 of 2
[2024-03-23T07:48:57.423+0000] {taskinstance.py:2217} INFO - Executing <Task(PythonOperator): get_result_car_price_table> on 2024-03-23 07:37:16.842276+00:00
[2024-03-23T07:48:57.438+0000] {standard_task_runner.py:60} INFO - Started process 2056 to run task
[2024-03-23T07:48:57.455+0000] {standard_task_runner.py:87} INFO - Running: ['***', 'tasks', 'run', 'source_to_gcs', 'get_result_car_price_table', 'manual__2024-03-23T07:37:16.842276+00:00', '--job-id', '255', '--raw', '--subdir', 'DAGS_FOLDER/sourcetobucket.py', '--cfg-path', '/tmp/tmpyihzyeox']
[2024-03-23T07:48:57.462+0000] {standard_task_runner.py:88} INFO - Job 255: Subtask get_result_car_price_table
[2024-03-23T07:48:57.589+0000] {task_command.py:423} INFO - Running <TaskInstance: source_to_gcs.get_result_car_price_table manual__2024-03-23T07:37:16.842276+00:00 [running]> on host ceb99a37e23c
[2024-03-23T07:48:57.815+0000] {taskinstance.py:2513} INFO - Exporting env vars: AIRFLOW_CTX_DAG_OWNER='***' AIRFLOW_CTX_DAG_ID='source_to_gcs' AIRFLOW_CTX_TASK_ID='get_result_car_price_table' AIRFLOW_CTX_EXECUTION_DATE='2024-03-23T07:37:16.842276+00:00' AIRFLOW_CTX_TRY_NUMBER='2' AIRFLOW_CTX_DAG_RUN_ID='manual__2024-03-23T07:37:16.842276+00:00'
[2024-03-23T07:48:57.821+0000] {sql.py:785} INFO - Executing SQL check: SELECT COUNT(1) from used_car_analysis_dataset.used_car_price LIMIT 1
[2024-03-23T07:48:57.846+0000] {connection.py:269} WARNING - Connection schemes (type: google_cloud_platform) shall not contain '_' according to RFC3986.
[2024-03-23T07:48:57.848+0000] {base.py:83} INFO - Using connection ID 'gcp_***_conn' for task execution.
[2024-03-23T07:48:58.021+0000] {sql.py:457} INFO - Running statement: SELECT COUNT(1) from used_car_analysis_dataset.used_car_price LIMIT 1, parameters: None
[2024-03-23T07:48:58.026+0000] {bigquery.py:1613} INFO - Inserting job ***_1711180138024241_fabb2f9006d5ccbe668044ee8692b8ed
[2024-03-23T07:48:59.679+0000] {warnings.py:109} WARNING - /home/***/.local/lib/python3.8/site-packages/***/providers/common/sql/hooks/sql.py:407: AirflowProviderDeprecationWarning: Call to deprecated method _make_common_data_structure. (The `_make_serializable` method is deprecated and support will be removed in a future version of the common.sql provider. Please update the DbApiHook's provider to a version based on common.sql >= 1.9.1.)
  result = self._make_common_data_structure(handler(cur))

[2024-03-23T07:48:59.681+0000] {sql.py:788} INFO - Record: [558799]
[2024-03-23T07:48:59.681+0000] {sql.py:796} INFO - Success.
[2024-03-23T07:48:59.682+0000] {python.py:202} INFO - Done. Returned value was: CAR_PRICE_TABLE_not_found
[2024-03-23T07:48:59.725+0000] {taskinstance.py:1149} INFO - Marking task as SUCCESS. dag_id=source_to_gcs, task_id=get_result_car_price_table, execution_date=20240323T073716, start_date=20240323T074857, end_date=20240323T074859
[2024-03-23T07:48:59.809+0000] {local_task_job_runner.py:234} INFO - Task exited with return code 0
[2024-03-23T07:48:59.943+0000] {taskinstance.py:3312} INFO - 0 downstream tasks scheduled from follow-on schedule check
